12-Feb-2025 14:11:58.232 INFO [main] org.apache.catalina.startup.VersionLoggerListener.log Server version name:   Apache Tomcat/10.1.34
12-Feb-2025 14:11:58.236 INFO [main] org.apache.catalina.startup.VersionLoggerListener.log Server built:          Dec 5 2024 16:01:16 UTC
12-Feb-2025 14:11:58.236 INFO [main] org.apache.catalina.startup.VersionLoggerListener.log Server version number: 10.1.34.0
12-Feb-2025 14:11:58.237 INFO [main] org.apache.catalina.startup.VersionLoggerListener.log OS Name:               Windows 11
12-Feb-2025 14:11:58.237 INFO [main] org.apache.catalina.startup.VersionLoggerListener.log OS Version:            10.0
12-Feb-2025 14:11:58.237 INFO [main] org.apache.catalina.startup.VersionLoggerListener.log Architecture:          amd64
12-Feb-2025 14:11:58.237 INFO [main] org.apache.catalina.startup.VersionLoggerListener.log Java Home:             C:\Program Files\Java\jdk-21
12-Feb-2025 14:11:58.237 INFO [main] org.apache.catalina.startup.VersionLoggerListener.log JVM Version:           21.0.6+8-LTS-188
12-Feb-2025 14:11:58.237 INFO [main] org.apache.catalina.startup.VersionLoggerListener.log JVM Vendor:            Oracle Corporation
12-Feb-2025 14:11:58.237 INFO [main] org.apache.catalina.startup.VersionLoggerListener.log CATALINA_BASE:         C:\apache-tomcat-10.1.34-windows-x64\apache-tomcat-10.1.34
12-Feb-2025 14:11:58.237 INFO [main] org.apache.catalina.startup.VersionLoggerListener.log CATALINA_HOME:         C:\apache-tomcat-10.1.34-windows-x64\apache-tomcat-10.1.34
12-Feb-2025 14:11:58.252 INFO [main] org.apache.catalina.startup.VersionLoggerListener.log Command line argument: -Djava.util.logging.config.file=C:\apache-tomcat-10.1.34-windows-x64\apache-tomcat-10.1.34\conf\logging.properties
12-Feb-2025 14:11:58.252 INFO [main] org.apache.catalina.startup.VersionLoggerListener.log Command line argument: -Djava.util.logging.manager=org.apache.juli.ClassLoaderLogManager
12-Feb-2025 14:11:58.253 INFO [main] org.apache.catalina.startup.VersionLoggerListener.log Command line argument: -Djdk.tls.ephemeralDHKeySize=2048
12-Feb-2025 14:11:58.253 INFO [main] org.apache.catalina.startup.VersionLoggerListener.log Command line argument: -Djava.protocol.handler.pkgs=org.apache.catalina.webresources
12-Feb-2025 14:11:58.253 INFO [main] org.apache.catalina.startup.VersionLoggerListener.log Command line argument: --add-opens=java.base/java.lang=ALL-UNNAMED
12-Feb-2025 14:11:58.253 INFO [main] org.apache.catalina.startup.VersionLoggerListener.log Command line argument: --add-opens=java.base/java.io=ALL-UNNAMED
12-Feb-2025 14:11:58.254 INFO [main] org.apache.catalina.startup.VersionLoggerListener.log Command line argument: --add-opens=java.base/java.util=ALL-UNNAMED
12-Feb-2025 14:11:58.254 INFO [main] org.apache.catalina.startup.VersionLoggerListener.log Command line argument: --add-opens=java.base/java.util.concurrent=ALL-UNNAMED
12-Feb-2025 14:11:58.254 INFO [main] org.apache.catalina.startup.VersionLoggerListener.log Command line argument: --add-opens=java.rmi/sun.rmi.transport=ALL-UNNAMED
12-Feb-2025 14:11:58.254 INFO [main] org.apache.catalina.startup.VersionLoggerListener.log Command line argument: -Dcatalina.base=C:\apache-tomcat-10.1.34-windows-x64\apache-tomcat-10.1.34
12-Feb-2025 14:11:58.254 INFO [main] org.apache.catalina.startup.VersionLoggerListener.log Command line argument: -Dcatalina.home=C:\apache-tomcat-10.1.34-windows-x64\apache-tomcat-10.1.34
12-Feb-2025 14:11:58.254 INFO [main] org.apache.catalina.startup.VersionLoggerListener.log Command line argument: -Djava.io.tmpdir=C:\apache-tomcat-10.1.34-windows-x64\apache-tomcat-10.1.34\temp
12-Feb-2025 14:11:58.396 INFO [main] org.apache.catalina.core.AprLifecycleListener.lifecycleEvent Loaded Apache Tomcat Native library [2.0.8] using APR version [1.7.4].
12-Feb-2025 14:11:58.418 INFO [main] org.apache.catalina.core.AprLifecycleListener.initializeSSL OpenSSL successfully initialized [OpenSSL 3.0.14 4 Jun 2024]
12-Feb-2025 14:11:58.875 INFO [main] org.apache.coyote.AbstractProtocol.init Initializing ProtocolHandler ["http-nio-8080"]
12-Feb-2025 14:11:58.928 INFO [main] org.apache.catalina.startup.Catalina.load Server initialization in [990] milliseconds
12-Feb-2025 14:11:59.039 INFO [main] org.apache.catalina.core.StandardService.startInternal Starting service [Catalina]
12-Feb-2025 14:11:59.039 INFO [main] org.apache.catalina.core.StandardEngine.startInternal Starting Servlet engine: [Apache Tomcat/10.1.34]
12-Feb-2025 14:11:59.057 INFO [main] org.apache.catalina.startup.HostConfig.deployDescriptor Deploying deployment descriptor [C:\apache-tomcat-10.1.34-windows-x64\apache-tomcat-10.1.34\conf\Catalina\localhost\meuProjectDB.xml]
12-Feb-2025 14:11:59.076 WARNING [main] org.apache.catalina.startup.HostConfig.deployDescriptor The path attribute with value [/meuProjectDB] in deployment descriptor [C:\apache-tomcat-10.1.34-windows-x64\apache-tomcat-10.1.34\conf\Catalina\localhost\meuProjectDB.xml] has been ignored
12-Feb-2025 14:11:59.582 INFO [main] org.apache.catalina.startup.HostConfig.deployDescriptor Deployment of deployment descriptor [C:\apache-tomcat-10.1.34-windows-x64\apache-tomcat-10.1.34\conf\Catalina\localhost\meuProjectDB.xml] has finished in [522] ms
12-Feb-2025 14:11:59.582 INFO [main] org.apache.catalina.startup.HostConfig.deployDescriptor Deploying deployment descriptor [C:\apache-tomcat-10.1.34-windows-x64\apache-tomcat-10.1.34\conf\Catalina\localhost\MeuSite.xml]
12-Feb-2025 14:11:59.584 WARNING [main] org.apache.catalina.startup.HostConfig.deployDescriptor The path attribute with value [/MeuSite] in deployment descriptor [C:\apache-tomcat-10.1.34-windows-x64\apache-tomcat-10.1.34\conf\Catalina\localhost\MeuSite.xml] has been ignored
12-Feb-2025 14:11:59.641 INFO [main] org.apache.catalina.startup.HostConfig.deployDescriptor Deployment of deployment descriptor [C:\apache-tomcat-10.1.34-windows-x64\apache-tomcat-10.1.34\conf\Catalina\localhost\MeuSite.xml] has finished in [59] ms
12-Feb-2025 14:11:59.642 INFO [main] org.apache.catalina.startup.HostConfig.deployDescriptor Deploying deployment descriptor [C:\apache-tomcat-10.1.34-windows-x64\apache-tomcat-10.1.34\conf\Catalina\localhost\WebApplication1.xml]
12-Feb-2025 14:11:59.644 WARNING [main] org.apache.catalina.startup.HostConfig.deployDescriptor The path attribute with value [/WebApplication1] in deployment descriptor [C:\apache-tomcat-10.1.34-windows-x64\apache-tomcat-10.1.34\conf\Catalina\localhost\WebApplication1.xml] has been ignored
12-Feb-2025 14:11:59.699 INFO [main] org.apache.catalina.startup.HostConfig.deployDescriptor Deployment of deployment descriptor [C:\apache-tomcat-10.1.34-windows-x64\apache-tomcat-10.1.34\conf\Catalina\localhost\WebApplication1.xml] has finished in [57] ms
12-Feb-2025 14:11:59.701 INFO [main] org.apache.catalina.startup.HostConfig.deployDirectory Diretório de instalação da aplicação web [C:\apache-tomcat-10.1.34-windows-x64\apache-tomcat-10.1.34\webapps\docs]
12-Feb-2025 14:11:59.748 INFO [main] org.apache.catalina.startup.HostConfig.deployDirectory Deployment of web application directory [C:\apache-tomcat-10.1.34-windows-x64\apache-tomcat-10.1.34\webapps\docs] has finished in [46] ms
12-Feb-2025 14:11:59.749 INFO [main] org.apache.catalina.startup.HostConfig.deployDirectory Diretório de instalação da aplicação web [C:\apache-tomcat-10.1.34-windows-x64\apache-tomcat-10.1.34\webapps\examples]
12-Feb-2025 14:12:00.899 INFO [main] org.apache.catalina.startup.HostConfig.deployDirectory Deployment of web application directory [C:\apache-tomcat-10.1.34-windows-x64\apache-tomcat-10.1.34\webapps\examples] has finished in [1.151] ms
12-Feb-2025 14:12:00.900 INFO [main] org.apache.catalina.startup.HostConfig.deployDirectory Diretório de instalação da aplicação web [C:\apache-tomcat-10.1.34-windows-x64\apache-tomcat-10.1.34\webapps\host-manager]
12-Feb-2025 14:12:01.000 INFO [main] org.apache.catalina.startup.HostConfig.deployDirectory Deployment of web application directory [C:\apache-tomcat-10.1.34-windows-x64\apache-tomcat-10.1.34\webapps\host-manager] has finished in [100] ms
12-Feb-2025 14:12:01.001 INFO [main] org.apache.catalina.startup.HostConfig.deployDirectory Diretório de instalação da aplicação web [C:\apache-tomcat-10.1.34-windows-x64\apache-tomcat-10.1.34\webapps\manager]
12-Feb-2025 14:12:01.058 INFO [main] org.apache.catalina.startup.HostConfig.deployDirectory Deployment of web application directory [C:\apache-tomcat-10.1.34-windows-x64\apache-tomcat-10.1.34\webapps\manager] has finished in [56] ms
12-Feb-2025 14:12:01.058 INFO [main] org.apache.catalina.startup.HostConfig.deployDirectory Diretório de instalação da aplicação web [C:\apache-tomcat-10.1.34-windows-x64\apache-tomcat-10.1.34\webapps\ROOT]
12-Feb-2025 14:12:01.097 INFO [main] org.apache.catalina.startup.HostConfig.deployDirectory Deployment of web application directory [C:\apache-tomcat-10.1.34-windows-x64\apache-tomcat-10.1.34\webapps\ROOT] has finished in [39] ms
12-Feb-2025 14:12:01.102 INFO [main] org.apache.coyote.AbstractProtocol.start Starting ProtocolHandler ["http-nio-8080"]
12-Feb-2025 14:12:01.136 INFO [main] org.apache.catalina.startup.Catalina.start Server startup in [2206] milliseconds
