24-Feb-2025 14:02:29.600 INFO [main] org.apache.catalina.core.ApplicationContext.log ContextListener: contextInitialized()
24-Feb-2025 14:02:29.600 INFO [main] org.apache.catalina.core.ApplicationContext.log SessionListener: contextInitialized()
24-Feb-2025 14:02:29.602 INFO [main] org.apache.catalina.core.ApplicationContext.log ContextListener: attributeAdded('StockTicker', 'async.Stockticker@5dbf5634')
24-Feb-2025 16:40:05.931 SEVERE [http-nio-8080-exec-7] org.apache.catalina.core.StandardWrapperValve.invoke Servlet.service() for servlet [jsp] in context with path [/MeuSite] threw exception [Unable to compile class for JSP: 

An error occurred at line: [17] in the jsp file: [/lista.jsp]
connection cannot be resolved to a type
14:         
15:         <% try {
16:             //Efetuar conexaão com o banco de dados
17:             connection conecta;
18:             PreparedStatement st;
19:             Class.forName{"com.mysql.cj.jdbc.Driver"};
20:             String url="jdbc:mysql://localhost:3306/bancojsp";


An error occurred at line: [19] in the jsp file: [/lista.jsp]
Syntax error, insert "VariableDeclarators" to complete LocalVariableDeclaration
16:             //Efetuar conexaão com o banco de dados
17:             connection conecta;
18:             PreparedStatement st;
19:             Class.forName{"com.mysql.cj.jdbc.Driver"};
20:             String url="jdbc:mysql://localhost:3306/bancojsp";
21:             String user="root";
22:             String password="";


An error occurred at line: [19] in the jsp file: [/lista.jsp]
Syntax error, insert ";" to complete LocalVariableDeclarationStatement
16:             //Efetuar conexaão com o banco de dados
17:             connection conecta;
18:             PreparedStatement st;
19:             Class.forName{"com.mysql.cj.jdbc.Driver"};
20:             String url="jdbc:mysql://localhost:3306/bancojsp";
21:             String user="root";
22:             String password="";


An error occurred at line: [19] in the jsp file: [/lista.jsp]
forName cannot be resolved or is not a field
16:             //Efetuar conexaão com o banco de dados
17:             connection conecta;
18:             PreparedStatement st;
19:             Class.forName{"com.mysql.cj.jdbc.Driver"};
20:             String url="jdbc:mysql://localhost:3306/bancojsp";
21:             String user="root";
22:             String password="";


An error occurred at line: [19] in the jsp file: [/lista.jsp]
Syntax error, insert "AssignmentOperator Expression" to complete Assignment
16:             //Efetuar conexaão com o banco de dados
17:             connection conecta;
18:             PreparedStatement st;
19:             Class.forName{"com.mysql.cj.jdbc.Driver"};
20:             String url="jdbc:mysql://localhost:3306/bancojsp";
21:             String user="root";
22:             String password="";


An error occurred at line: [19] in the jsp file: [/lista.jsp]
Syntax error, insert ";" to complete BlockStatements
16:             //Efetuar conexaão com o banco de dados
17:             connection conecta;
18:             PreparedStatement st;
19:             Class.forName{"com.mysql.cj.jdbc.Driver"};
20:             String url="jdbc:mysql://localhost:3306/bancojsp";
21:             String user="root";
22:             String password="";


Stacktrace:] with root cause
	org.apache.jasper.JasperException: Unable to compile class for JSP: 

An error occurred at line: [17] in the jsp file: [/lista.jsp]
connection cannot be resolved to a type
14:         
15:         <% try {
16:             //Efetuar conexaão com o banco de dados
17:             connection conecta;
18:             PreparedStatement st;
19:             Class.forName{"com.mysql.cj.jdbc.Driver"};
20:             String url="jdbc:mysql://localhost:3306/bancojsp";


An error occurred at line: [19] in the jsp file: [/lista.jsp]
Syntax error, insert "VariableDeclarators" to complete LocalVariableDeclaration
16:             //Efetuar conexaão com o banco de dados
17:             connection conecta;
18:             PreparedStatement st;
19:             Class.forName{"com.mysql.cj.jdbc.Driver"};
20:             String url="jdbc:mysql://localhost:3306/bancojsp";
21:             String user="root";
22:             String password="";


An error occurred at line: [19] in the jsp file: [/lista.jsp]
Syntax error, insert ";" to complete LocalVariableDeclarationStatement
16:             //Efetuar conexaão com o banco de dados
17:             connection conecta;
18:             PreparedStatement st;
19:             Class.forName{"com.mysql.cj.jdbc.Driver"};
20:             String url="jdbc:mysql://localhost:3306/bancojsp";
21:             String user="root";
22:             String password="";


An error occurred at line: [19] in the jsp file: [/lista.jsp]
forName cannot be resolved or is not a field
16:             //Efetuar conexaão com o banco de dados
17:             connection conecta;
18:             PreparedStatement st;
19:             Class.forName{"com.mysql.cj.jdbc.Driver"};
20:             String url="jdbc:mysql://localhost:3306/bancojsp";
21:             String user="root";
22:             String password="";


An error occurred at line: [19] in the jsp file: [/lista.jsp]
Syntax error, insert "AssignmentOperator Expression" to complete Assignment
16:             //Efetuar conexaão com o banco de dados
17:             connection conecta;
18:             PreparedStatement st;
19:             Class.forName{"com.mysql.cj.jdbc.Driver"};
20:             String url="jdbc:mysql://localhost:3306/bancojsp";
21:             String user="root";
22:             String password="";


An error occurred at line: [19] in the jsp file: [/lista.jsp]
Syntax error, insert ";" to complete BlockStatements
16:             //Efetuar conexaão com o banco de dados
17:             connection conecta;
18:             PreparedStatement st;
19:             Class.forName{"com.mysql.cj.jdbc.Driver"};
20:             String url="jdbc:mysql://localhost:3306/bancojsp";
21:             String user="root";
22:             String password="";


Stacktrace:
		at org.apache.jasper.compiler.DefaultErrorHandler.javacError(DefaultErrorHandler.java:72)
		at org.apache.jasper.compiler.ErrorDispatcher.javacError(ErrorDispatcher.java:192)
		at org.apache.jasper.compiler.JDTCompiler.generateClass(JDTCompiler.java:524)
		at org.apache.jasper.compiler.Compiler.compile(Compiler.java:373)
		at org.apache.jasper.compiler.Compiler.compile(Compiler.java:345)
		at org.apache.jasper.compiler.Compiler.compile(Compiler.java:331)
		at org.apache.jasper.JspCompilationContext.compile(JspCompilationContext.java:603)
		at org.apache.jasper.servlet.JspServletWrapper.service(JspServletWrapper.java:396)
		at org.apache.jasper.servlet.JspServlet.serviceJspFile(JspServlet.java:377)
		at org.apache.jasper.servlet.JspServlet.service(JspServlet.java:325)
		at jakarta.servlet.http.HttpServlet.service(HttpServlet.java:658)
		at org.apache.catalina.core.ApplicationFilterChain.internalDoFilter(ApplicationFilterChain.java:195)
		at org.apache.catalina.core.ApplicationFilterChain.doFilter(ApplicationFilterChain.java:140)
		at org.apache.tomcat.websocket.server.WsFilter.doFilter(WsFilter.java:51)
		at org.apache.catalina.core.ApplicationFilterChain.internalDoFilter(ApplicationFilterChain.java:164)
		at org.apache.catalina.core.ApplicationFilterChain.doFilter(ApplicationFilterChain.java:140)
		at org.apache.catalina.core.StandardWrapperValve.invoke(StandardWrapperValve.java:167)
		at org.apache.catalina.core.StandardContextValve.invoke(StandardContextValve.java:90)
		at org.apache.catalina.authenticator.AuthenticatorBase.invoke(AuthenticatorBase.java:483)
		at org.apache.catalina.core.StandardHostValve.invoke(StandardHostValve.java:115)
		at org.apache.catalina.valves.ErrorReportValve.invoke(ErrorReportValve.java:93)
		at org.apache.catalina.valves.AbstractAccessLogValve.invoke(AbstractAccessLogValve.java:663)
		at org.apache.catalina.core.StandardEngineValve.invoke(StandardEngineValve.java:74)
		at org.apache.catalina.connector.CoyoteAdapter.service(CoyoteAdapter.java:344)
		at org.apache.coyote.http11.Http11Processor.service(Http11Processor.java:397)
		at org.apache.coyote.AbstractProcessorLight.process(AbstractProcessorLight.java:63)
		at org.apache.coyote.AbstractProtocol$ConnectionHandler.process(AbstractProtocol.java:905)
		at org.apache.tomcat.util.net.NioEndpoint$SocketProcessor.doRun(NioEndpoint.java:1741)
		at org.apache.tomcat.util.net.SocketProcessorBase.run(SocketProcessorBase.java:52)
		at org.apache.tomcat.util.threads.ThreadPoolExecutor.runWorker(ThreadPoolExecutor.java:1190)
		at org.apache.tomcat.util.threads.ThreadPoolExecutor$Worker.run(ThreadPoolExecutor.java:659)
		at org.apache.tomcat.util.threads.TaskThread$WrappingRunnable.run(TaskThread.java:63)
		at java.base/java.lang.Thread.run(Thread.java:1623)
24-Feb-2025 16:42:34.615 SEVERE [http-nio-8080-exec-5] org.apache.catalina.core.StandardWrapperValve.invoke Servlet.service() for servlet [jsp] in context with path [/MeuSite] threw exception [Unable to compile class for JSP: 

An error occurred at line: [17] in the jsp file: [/lista.jsp]
connection cannot be resolved to a type
14:         
15:         <% try {
16:             //Efetuar conexaão com o banco de dados
17:             connection conecta;
18:             PreparedStatement st;
19:             Class.forName{"com.mysql.cj.jdbc.Driver"};
20:             String url="jdbc:mysql://localhost:3306/bancojsp";


An error occurred at line: [19] in the jsp file: [/lista.jsp]
Syntax error, insert "VariableDeclarators" to complete LocalVariableDeclaration
16:             //Efetuar conexaão com o banco de dados
17:             connection conecta;
18:             PreparedStatement st;
19:             Class.forName{"com.mysql.cj.jdbc.Driver"};
20:             String url="jdbc:mysql://localhost:3306/bancojsp";
21:             String user="root";
22:             String password="";


An error occurred at line: [19] in the jsp file: [/lista.jsp]
Syntax error, insert ";" to complete LocalVariableDeclarationStatement
16:             //Efetuar conexaão com o banco de dados
17:             connection conecta;
18:             PreparedStatement st;
19:             Class.forName{"com.mysql.cj.jdbc.Driver"};
20:             String url="jdbc:mysql://localhost:3306/bancojsp";
21:             String user="root";
22:             String password="";


An error occurred at line: [19] in the jsp file: [/lista.jsp]
forName cannot be resolved or is not a field
16:             //Efetuar conexaão com o banco de dados
17:             connection conecta;
18:             PreparedStatement st;
19:             Class.forName{"com.mysql.cj.jdbc.Driver"};
20:             String url="jdbc:mysql://localhost:3306/bancojsp";
21:             String user="root";
22:             String password="";


An error occurred at line: [19] in the jsp file: [/lista.jsp]
Syntax error, insert "AssignmentOperator Expression" to complete Assignment
16:             //Efetuar conexaão com o banco de dados
17:             connection conecta;
18:             PreparedStatement st;
19:             Class.forName{"com.mysql.cj.jdbc.Driver"};
20:             String url="jdbc:mysql://localhost:3306/bancojsp";
21:             String user="root";
22:             String password="";


An error occurred at line: [19] in the jsp file: [/lista.jsp]
Syntax error, insert ";" to complete BlockStatements
16:             //Efetuar conexaão com o banco de dados
17:             connection conecta;
18:             PreparedStatement st;
19:             Class.forName{"com.mysql.cj.jdbc.Driver"};
20:             String url="jdbc:mysql://localhost:3306/bancojsp";
21:             String user="root";
22:             String password="";


Stacktrace:] with root cause
	org.apache.jasper.JasperException: Unable to compile class for JSP: 

An error occurred at line: [17] in the jsp file: [/lista.jsp]
connection cannot be resolved to a type
14:         
15:         <% try {
16:             //Efetuar conexaão com o banco de dados
17:             connection conecta;
18:             PreparedStatement st;
19:             Class.forName{"com.mysql.cj.jdbc.Driver"};
20:             String url="jdbc:mysql://localhost:3306/bancojsp";


An error occurred at line: [19] in the jsp file: [/lista.jsp]
Syntax error, insert "VariableDeclarators" to complete LocalVariableDeclaration
16:             //Efetuar conexaão com o banco de dados
17:             connection conecta;
18:             PreparedStatement st;
19:             Class.forName{"com.mysql.cj.jdbc.Driver"};
20:             String url="jdbc:mysql://localhost:3306/bancojsp";
21:             String user="root";
22:             String password="";


An error occurred at line: [19] in the jsp file: [/lista.jsp]
Syntax error, insert ";" to complete LocalVariableDeclarationStatement
16:             //Efetuar conexaão com o banco de dados
17:             connection conecta;
18:             PreparedStatement st;
19:             Class.forName{"com.mysql.cj.jdbc.Driver"};
20:             String url="jdbc:mysql://localhost:3306/bancojsp";
21:             String user="root";
22:             String password="";


An error occurred at line: [19] in the jsp file: [/lista.jsp]
forName cannot be resolved or is not a field
16:             //Efetuar conexaão com o banco de dados
17:             connection conecta;
18:             PreparedStatement st;
19:             Class.forName{"com.mysql.cj.jdbc.Driver"};
20:             String url="jdbc:mysql://localhost:3306/bancojsp";
21:             String user="root";
22:             String password="";


An error occurred at line: [19] in the jsp file: [/lista.jsp]
Syntax error, insert "AssignmentOperator Expression" to complete Assignment
16:             //Efetuar conexaão com o banco de dados
17:             connection conecta;
18:             PreparedStatement st;
19:             Class.forName{"com.mysql.cj.jdbc.Driver"};
20:             String url="jdbc:mysql://localhost:3306/bancojsp";
21:             String user="root";
22:             String password="";


An error occurred at line: [19] in the jsp file: [/lista.jsp]
Syntax error, insert ";" to complete BlockStatements
16:             //Efetuar conexaão com o banco de dados
17:             connection conecta;
18:             PreparedStatement st;
19:             Class.forName{"com.mysql.cj.jdbc.Driver"};
20:             String url="jdbc:mysql://localhost:3306/bancojsp";
21:             String user="root";
22:             String password="";


Stacktrace:
		at org.apache.jasper.compiler.DefaultErrorHandler.javacError(DefaultErrorHandler.java:72)
		at org.apache.jasper.compiler.ErrorDispatcher.javacError(ErrorDispatcher.java:192)
		at org.apache.jasper.compiler.JDTCompiler.generateClass(JDTCompiler.java:524)
		at org.apache.jasper.compiler.Compiler.compile(Compiler.java:373)
		at org.apache.jasper.compiler.Compiler.compile(Compiler.java:345)
		at org.apache.jasper.compiler.Compiler.compile(Compiler.java:331)
		at org.apache.jasper.JspCompilationContext.compile(JspCompilationContext.java:603)
		at org.apache.jasper.servlet.JspServletWrapper.service(JspServletWrapper.java:396)
		at org.apache.jasper.servlet.JspServlet.serviceJspFile(JspServlet.java:377)
		at org.apache.jasper.servlet.JspServlet.service(JspServlet.java:325)
		at jakarta.servlet.http.HttpServlet.service(HttpServlet.java:658)
		at org.apache.catalina.core.ApplicationFilterChain.internalDoFilter(ApplicationFilterChain.java:195)
		at org.apache.catalina.core.ApplicationFilterChain.doFilter(ApplicationFilterChain.java:140)
		at org.apache.tomcat.websocket.server.WsFilter.doFilter(WsFilter.java:51)
		at org.apache.catalina.core.ApplicationFilterChain.internalDoFilter(ApplicationFilterChain.java:164)
		at org.apache.catalina.core.ApplicationFilterChain.doFilter(ApplicationFilterChain.java:140)
		at org.apache.catalina.core.StandardWrapperValve.invoke(StandardWrapperValve.java:167)
		at org.apache.catalina.core.StandardContextValve.invoke(StandardContextValve.java:90)
		at org.apache.catalina.authenticator.AuthenticatorBase.invoke(AuthenticatorBase.java:483)
		at org.apache.catalina.core.StandardHostValve.invoke(StandardHostValve.java:115)
		at org.apache.catalina.valves.ErrorReportValve.invoke(ErrorReportValve.java:93)
		at org.apache.catalina.valves.AbstractAccessLogValve.invoke(AbstractAccessLogValve.java:663)
		at org.apache.catalina.core.StandardEngineValve.invoke(StandardEngineValve.java:74)
		at org.apache.catalina.connector.CoyoteAdapter.service(CoyoteAdapter.java:344)
		at org.apache.coyote.http11.Http11Processor.service(Http11Processor.java:397)
		at org.apache.coyote.AbstractProcessorLight.process(AbstractProcessorLight.java:63)
		at org.apache.coyote.AbstractProtocol$ConnectionHandler.process(AbstractProtocol.java:905)
		at org.apache.tomcat.util.net.NioEndpoint$SocketProcessor.doRun(NioEndpoint.java:1741)
		at org.apache.tomcat.util.net.SocketProcessorBase.run(SocketProcessorBase.java:52)
		at org.apache.tomcat.util.threads.ThreadPoolExecutor.runWorker(ThreadPoolExecutor.java:1190)
		at org.apache.tomcat.util.threads.ThreadPoolExecutor$Worker.run(ThreadPoolExecutor.java:659)
		at org.apache.tomcat.util.threads.TaskThread$WrappingRunnable.run(TaskThread.java:63)
		at java.base/java.lang.Thread.run(Thread.java:1623)
24-Feb-2025 16:42:56.271 SEVERE [http-nio-8080-exec-4] org.apache.catalina.core.StandardWrapperValve.invoke Servlet.service() for servlet [jsp] in context with path [/MeuSite] threw exception [Unable to compile class for JSP: 

An error occurred at line: [17] in the jsp file: [/lista.jsp]
connection cannot be resolved to a type
14:         
15:         <% try {
16:             //Efetuar conexaão com o banco de dados
17:             connection conecta;
18:             PreparedStatement st;
19:             Class.forName{"com.mysql.cj.jdbc.Driver"};
20:             String url="jdbc:mysql://localhost:3306/bancojsp";


An error occurred at line: [19] in the jsp file: [/lista.jsp]
Syntax error, insert "VariableDeclarators" to complete LocalVariableDeclaration
16:             //Efetuar conexaão com o banco de dados
17:             connection conecta;
18:             PreparedStatement st;
19:             Class.forName{"com.mysql.cj.jdbc.Driver"};
20:             String url="jdbc:mysql://localhost:3306/bancojsp";
21:             String user="root";
22:             String password="";


An error occurred at line: [19] in the jsp file: [/lista.jsp]
Syntax error, insert ";" to complete LocalVariableDeclarationStatement
16:             //Efetuar conexaão com o banco de dados
17:             connection conecta;
18:             PreparedStatement st;
19:             Class.forName{"com.mysql.cj.jdbc.Driver"};
20:             String url="jdbc:mysql://localhost:3306/bancojsp";
21:             String user="root";
22:             String password="";


An error occurred at line: [19] in the jsp file: [/lista.jsp]
forName cannot be resolved or is not a field
16:             //Efetuar conexaão com o banco de dados
17:             connection conecta;
18:             PreparedStatement st;
19:             Class.forName{"com.mysql.cj.jdbc.Driver"};
20:             String url="jdbc:mysql://localhost:3306/bancojsp";
21:             String user="root";
22:             String password="";


An error occurred at line: [19] in the jsp file: [/lista.jsp]
Syntax error, insert "AssignmentOperator Expression" to complete Assignment
16:             //Efetuar conexaão com o banco de dados
17:             connection conecta;
18:             PreparedStatement st;
19:             Class.forName{"com.mysql.cj.jdbc.Driver"};
20:             String url="jdbc:mysql://localhost:3306/bancojsp";
21:             String user="root";
22:             String password="";


An error occurred at line: [19] in the jsp file: [/lista.jsp]
Syntax error, insert ";" to complete BlockStatements
16:             //Efetuar conexaão com o banco de dados
17:             connection conecta;
18:             PreparedStatement st;
19:             Class.forName{"com.mysql.cj.jdbc.Driver"};
20:             String url="jdbc:mysql://localhost:3306/bancojsp";
21:             String user="root";
22:             String password="";


Stacktrace:] with root cause
	org.apache.jasper.JasperException: Unable to compile class for JSP: 

An error occurred at line: [17] in the jsp file: [/lista.jsp]
connection cannot be resolved to a type
14:         
15:         <% try {
16:             //Efetuar conexaão com o banco de dados
17:             connection conecta;
18:             PreparedStatement st;
19:             Class.forName{"com.mysql.cj.jdbc.Driver"};
20:             String url="jdbc:mysql://localhost:3306/bancojsp";


An error occurred at line: [19] in the jsp file: [/lista.jsp]
Syntax error, insert "VariableDeclarators" to complete LocalVariableDeclaration
16:             //Efetuar conexaão com o banco de dados
17:             connection conecta;
18:             PreparedStatement st;
19:             Class.forName{"com.mysql.cj.jdbc.Driver"};
20:             String url="jdbc:mysql://localhost:3306/bancojsp";
21:             String user="root";
22:             String password="";


An error occurred at line: [19] in the jsp file: [/lista.jsp]
Syntax error, insert ";" to complete LocalVariableDeclarationStatement
16:             //Efetuar conexaão com o banco de dados
17:             connection conecta;
18:             PreparedStatement st;
19:             Class.forName{"com.mysql.cj.jdbc.Driver"};
20:             String url="jdbc:mysql://localhost:3306/bancojsp";
21:             String user="root";
22:             String password="";


An error occurred at line: [19] in the jsp file: [/lista.jsp]
forName cannot be resolved or is not a field
16:             //Efetuar conexaão com o banco de dados
17:             connection conecta;
18:             PreparedStatement st;
19:             Class.forName{"com.mysql.cj.jdbc.Driver"};
20:             String url="jdbc:mysql://localhost:3306/bancojsp";
21:             String user="root";
22:             String password="";


An error occurred at line: [19] in the jsp file: [/lista.jsp]
Syntax error, insert "AssignmentOperator Expression" to complete Assignment
16:             //Efetuar conexaão com o banco de dados
17:             connection conecta;
18:             PreparedStatement st;
19:             Class.forName{"com.mysql.cj.jdbc.Driver"};
20:             String url="jdbc:mysql://localhost:3306/bancojsp";
21:             String user="root";
22:             String password="";


An error occurred at line: [19] in the jsp file: [/lista.jsp]
Syntax error, insert ";" to complete BlockStatements
16:             //Efetuar conexaão com o banco de dados
17:             connection conecta;
18:             PreparedStatement st;
19:             Class.forName{"com.mysql.cj.jdbc.Driver"};
20:             String url="jdbc:mysql://localhost:3306/bancojsp";
21:             String user="root";
22:             String password="";


Stacktrace:
		at org.apache.jasper.compiler.DefaultErrorHandler.javacError(DefaultErrorHandler.java:72)
		at org.apache.jasper.compiler.ErrorDispatcher.javacError(ErrorDispatcher.java:192)
		at org.apache.jasper.compiler.JDTCompiler.generateClass(JDTCompiler.java:524)
		at org.apache.jasper.compiler.Compiler.compile(Compiler.java:373)
		at org.apache.jasper.compiler.Compiler.compile(Compiler.java:345)
		at org.apache.jasper.compiler.Compiler.compile(Compiler.java:331)
		at org.apache.jasper.JspCompilationContext.compile(JspCompilationContext.java:603)
		at org.apache.jasper.servlet.JspServletWrapper.service(JspServletWrapper.java:396)
		at org.apache.jasper.servlet.JspServlet.serviceJspFile(JspServlet.java:377)
		at org.apache.jasper.servlet.JspServlet.service(JspServlet.java:325)
		at jakarta.servlet.http.HttpServlet.service(HttpServlet.java:658)
		at org.apache.catalina.core.ApplicationFilterChain.internalDoFilter(ApplicationFilterChain.java:195)
		at org.apache.catalina.core.ApplicationFilterChain.doFilter(ApplicationFilterChain.java:140)
		at org.apache.tomcat.websocket.server.WsFilter.doFilter(WsFilter.java:51)
		at org.apache.catalina.core.ApplicationFilterChain.internalDoFilter(ApplicationFilterChain.java:164)
		at org.apache.catalina.core.ApplicationFilterChain.doFilter(ApplicationFilterChain.java:140)
		at org.apache.catalina.core.StandardWrapperValve.invoke(StandardWrapperValve.java:167)
		at org.apache.catalina.core.StandardContextValve.invoke(StandardContextValve.java:90)
		at org.apache.catalina.authenticator.AuthenticatorBase.invoke(AuthenticatorBase.java:483)
		at org.apache.catalina.core.StandardHostValve.invoke(StandardHostValve.java:115)
		at org.apache.catalina.valves.ErrorReportValve.invoke(ErrorReportValve.java:93)
		at org.apache.catalina.valves.AbstractAccessLogValve.invoke(AbstractAccessLogValve.java:663)
		at org.apache.catalina.core.StandardEngineValve.invoke(StandardEngineValve.java:74)
		at org.apache.catalina.connector.CoyoteAdapter.service(CoyoteAdapter.java:344)
		at org.apache.coyote.http11.Http11Processor.service(Http11Processor.java:397)
		at org.apache.coyote.AbstractProcessorLight.process(AbstractProcessorLight.java:63)
		at org.apache.coyote.AbstractProtocol$ConnectionHandler.process(AbstractProtocol.java:905)
		at org.apache.tomcat.util.net.NioEndpoint$SocketProcessor.doRun(NioEndpoint.java:1741)
		at org.apache.tomcat.util.net.SocketProcessorBase.run(SocketProcessorBase.java:52)
		at org.apache.tomcat.util.threads.ThreadPoolExecutor.runWorker(ThreadPoolExecutor.java:1190)
		at org.apache.tomcat.util.threads.ThreadPoolExecutor$Worker.run(ThreadPoolExecutor.java:659)
		at org.apache.tomcat.util.threads.TaskThread$WrappingRunnable.run(TaskThread.java:63)
		at java.base/java.lang.Thread.run(Thread.java:1623)
24-Feb-2025 16:42:56.876 SEVERE [http-nio-8080-exec-9] org.apache.catalina.core.StandardWrapperValve.invoke Servlet.service() for servlet [jsp] in context with path [/MeuSite] threw exception [org.apache.jasper.JasperException: java.lang.ClassNotFoundException: org.apache.jsp.lista_jsp] with root cause
	java.lang.ClassNotFoundException: org.apache.jsp.lista_jsp
		at java.base/java.net.URLClassLoader.findClass(URLClassLoader.java:445)
		at org.apache.jasper.servlet.JasperLoader.loadClass(JasperLoader.java:129)
		at org.apache.jasper.servlet.JasperLoader.loadClass(JasperLoader.java:58)
		at org.apache.catalina.core.DefaultInstanceManager.newInstance(DefaultInstanceManager.java:151)
		at org.apache.jasper.servlet.JspServletWrapper.getServlet(JspServletWrapper.java:189)
		at org.apache.jasper.servlet.JspServletWrapper.service(JspServletWrapper.java:410)
		at org.apache.jasper.servlet.JspServlet.serviceJspFile(JspServlet.java:377)
		at org.apache.jasper.servlet.JspServlet.service(JspServlet.java:325)
		at jakarta.servlet.http.HttpServlet.service(HttpServlet.java:658)
		at org.apache.catalina.core.ApplicationFilterChain.internalDoFilter(ApplicationFilterChain.java:195)
		at org.apache.catalina.core.ApplicationFilterChain.doFilter(ApplicationFilterChain.java:140)
		at org.apache.tomcat.websocket.server.WsFilter.doFilter(WsFilter.java:51)
		at org.apache.catalina.core.ApplicationFilterChain.internalDoFilter(ApplicationFilterChain.java:164)
		at org.apache.catalina.core.ApplicationFilterChain.doFilter(ApplicationFilterChain.java:140)
		at org.apache.catalina.core.StandardWrapperValve.invoke(StandardWrapperValve.java:167)
		at org.apache.catalina.core.StandardContextValve.invoke(StandardContextValve.java:90)
		at org.apache.catalina.authenticator.AuthenticatorBase.invoke(AuthenticatorBase.java:483)
		at org.apache.catalina.core.StandardHostValve.invoke(StandardHostValve.java:115)
		at org.apache.catalina.valves.ErrorReportValve.invoke(ErrorReportValve.java:93)
		at org.apache.catalina.valves.AbstractAccessLogValve.invoke(AbstractAccessLogValve.java:663)
		at org.apache.catalina.core.StandardEngineValve.invoke(StandardEngineValve.java:74)
		at org.apache.catalina.connector.CoyoteAdapter.service(CoyoteAdapter.java:344)
		at org.apache.coyote.http11.Http11Processor.service(Http11Processor.java:397)
		at org.apache.coyote.AbstractProcessorLight.process(AbstractProcessorLight.java:63)
		at org.apache.coyote.AbstractProtocol$ConnectionHandler.process(AbstractProtocol.java:905)
		at org.apache.tomcat.util.net.NioEndpoint$SocketProcessor.doRun(NioEndpoint.java:1741)
		at org.apache.tomcat.util.net.SocketProcessorBase.run(SocketProcessorBase.java:52)
		at org.apache.tomcat.util.threads.ThreadPoolExecutor.runWorker(ThreadPoolExecutor.java:1190)
		at org.apache.tomcat.util.threads.ThreadPoolExecutor$Worker.run(ThreadPoolExecutor.java:659)
		at org.apache.tomcat.util.threads.TaskThread$WrappingRunnable.run(TaskThread.java:63)
		at java.base/java.lang.Thread.run(Thread.java:1623)
24-Feb-2025 16:43:24.798 SEVERE [http-nio-8080-exec-3] org.apache.catalina.core.StandardWrapperValve.invoke Servlet.service() for servlet [jsp] in context with path [/MeuSite] threw exception [Unable to compile class for JSP: 

An error occurred at line: [17] in the jsp file: [/lista.jsp]
connection cannot be resolved to a type
14:         
15:         <% try {
16:             //Efetuar conexaão com o banco de dados
17:             connection conecta;
18:             PreparedStatement st;
19:             Class.forName{"com.mysql.cj.jdbc.Driver"};
20:             String url="jdbc:mysql://localhost:3306/bancojsp";


An error occurred at line: [19] in the jsp file: [/lista.jsp]
Syntax error, insert "VariableDeclarators" to complete LocalVariableDeclaration
16:             //Efetuar conexaão com o banco de dados
17:             connection conecta;
18:             PreparedStatement st;
19:             Class.forName{"com.mysql.cj.jdbc.Driver"};
20:             String url="jdbc:mysql://localhost:3306/bancojsp";
21:             String user="root";
22:             String password="";


An error occurred at line: [19] in the jsp file: [/lista.jsp]
Syntax error, insert ";" to complete LocalVariableDeclarationStatement
16:             //Efetuar conexaão com o banco de dados
17:             connection conecta;
18:             PreparedStatement st;
19:             Class.forName{"com.mysql.cj.jdbc.Driver"};
20:             String url="jdbc:mysql://localhost:3306/bancojsp";
21:             String user="root";
22:             String password="";


An error occurred at line: [19] in the jsp file: [/lista.jsp]
forName cannot be resolved or is not a field
16:             //Efetuar conexaão com o banco de dados
17:             connection conecta;
18:             PreparedStatement st;
19:             Class.forName{"com.mysql.cj.jdbc.Driver"};
20:             String url="jdbc:mysql://localhost:3306/bancojsp";
21:             String user="root";
22:             String password="";


An error occurred at line: [19] in the jsp file: [/lista.jsp]
Syntax error, insert "AssignmentOperator Expression" to complete Assignment
16:             //Efetuar conexaão com o banco de dados
17:             connection conecta;
18:             PreparedStatement st;
19:             Class.forName{"com.mysql.cj.jdbc.Driver"};
20:             String url="jdbc:mysql://localhost:3306/bancojsp";
21:             String user="root";
22:             String password="";


An error occurred at line: [19] in the jsp file: [/lista.jsp]
Syntax error, insert ";" to complete BlockStatements
16:             //Efetuar conexaão com o banco de dados
17:             connection conecta;
18:             PreparedStatement st;
19:             Class.forName{"com.mysql.cj.jdbc.Driver"};
20:             String url="jdbc:mysql://localhost:3306/bancojsp";
21:             String user="root";
22:             String password="";


Stacktrace:] with root cause
	org.apache.jasper.JasperException: Unable to compile class for JSP: 

An error occurred at line: [17] in the jsp file: [/lista.jsp]
connection cannot be resolved to a type
14:         
15:         <% try {
16:             //Efetuar conexaão com o banco de dados
17:             connection conecta;
18:             PreparedStatement st;
19:             Class.forName{"com.mysql.cj.jdbc.Driver"};
20:             String url="jdbc:mysql://localhost:3306/bancojsp";


An error occurred at line: [19] in the jsp file: [/lista.jsp]
Syntax error, insert "VariableDeclarators" to complete LocalVariableDeclaration
16:             //Efetuar conexaão com o banco de dados
17:             connection conecta;
18:             PreparedStatement st;
19:             Class.forName{"com.mysql.cj.jdbc.Driver"};
20:             String url="jdbc:mysql://localhost:3306/bancojsp";
21:             String user="root";
22:             String password="";


An error occurred at line: [19] in the jsp file: [/lista.jsp]
Syntax error, insert ";" to complete LocalVariableDeclarationStatement
16:             //Efetuar conexaão com o banco de dados
17:             connection conecta;
18:             PreparedStatement st;
19:             Class.forName{"com.mysql.cj.jdbc.Driver"};
20:             String url="jdbc:mysql://localhost:3306/bancojsp";
21:             String user="root";
22:             String password="";


An error occurred at line: [19] in the jsp file: [/lista.jsp]
forName cannot be resolved or is not a field
16:             //Efetuar conexaão com o banco de dados
17:             connection conecta;
18:             PreparedStatement st;
19:             Class.forName{"com.mysql.cj.jdbc.Driver"};
20:             String url="jdbc:mysql://localhost:3306/bancojsp";
21:             String user="root";
22:             String password="";


An error occurred at line: [19] in the jsp file: [/lista.jsp]
Syntax error, insert "AssignmentOperator Expression" to complete Assignment
16:             //Efetuar conexaão com o banco de dados
17:             connection conecta;
18:             PreparedStatement st;
19:             Class.forName{"com.mysql.cj.jdbc.Driver"};
20:             String url="jdbc:mysql://localhost:3306/bancojsp";
21:             String user="root";
22:             String password="";


An error occurred at line: [19] in the jsp file: [/lista.jsp]
Syntax error, insert ";" to complete BlockStatements
16:             //Efetuar conexaão com o banco de dados
17:             connection conecta;
18:             PreparedStatement st;
19:             Class.forName{"com.mysql.cj.jdbc.Driver"};
20:             String url="jdbc:mysql://localhost:3306/bancojsp";
21:             String user="root";
22:             String password="";


Stacktrace:
		at org.apache.jasper.compiler.DefaultErrorHandler.javacError(DefaultErrorHandler.java:72)
		at org.apache.jasper.compiler.ErrorDispatcher.javacError(ErrorDispatcher.java:192)
		at org.apache.jasper.compiler.JDTCompiler.generateClass(JDTCompiler.java:524)
		at org.apache.jasper.compiler.Compiler.compile(Compiler.java:373)
		at org.apache.jasper.compiler.Compiler.compile(Compiler.java:345)
		at org.apache.jasper.compiler.Compiler.compile(Compiler.java:331)
		at org.apache.jasper.JspCompilationContext.compile(JspCompilationContext.java:603)
		at org.apache.jasper.servlet.JspServletWrapper.service(JspServletWrapper.java:396)
		at org.apache.jasper.servlet.JspServlet.serviceJspFile(JspServlet.java:377)
		at org.apache.jasper.servlet.JspServlet.service(JspServlet.java:325)
		at jakarta.servlet.http.HttpServlet.service(HttpServlet.java:658)
		at org.apache.catalina.core.ApplicationFilterChain.internalDoFilter(ApplicationFilterChain.java:195)
		at org.apache.catalina.core.ApplicationFilterChain.doFilter(ApplicationFilterChain.java:140)
		at org.apache.tomcat.websocket.server.WsFilter.doFilter(WsFilter.java:51)
		at org.apache.catalina.core.ApplicationFilterChain.internalDoFilter(ApplicationFilterChain.java:164)
		at org.apache.catalina.core.ApplicationFilterChain.doFilter(ApplicationFilterChain.java:140)
		at org.apache.catalina.core.StandardWrapperValve.invoke(StandardWrapperValve.java:167)
		at org.apache.catalina.core.StandardContextValve.invoke(StandardContextValve.java:90)
		at org.apache.catalina.authenticator.AuthenticatorBase.invoke(AuthenticatorBase.java:483)
		at org.apache.catalina.core.StandardHostValve.invoke(StandardHostValve.java:115)
		at org.apache.catalina.valves.ErrorReportValve.invoke(ErrorReportValve.java:93)
		at org.apache.catalina.valves.AbstractAccessLogValve.invoke(AbstractAccessLogValve.java:663)
		at org.apache.catalina.core.StandardEngineValve.invoke(StandardEngineValve.java:74)
		at org.apache.catalina.connector.CoyoteAdapter.service(CoyoteAdapter.java:344)
		at org.apache.coyote.http11.Http11Processor.service(Http11Processor.java:397)
		at org.apache.coyote.AbstractProcessorLight.process(AbstractProcessorLight.java:63)
		at org.apache.coyote.AbstractProtocol$ConnectionHandler.process(AbstractProtocol.java:905)
		at org.apache.tomcat.util.net.NioEndpoint$SocketProcessor.doRun(NioEndpoint.java:1741)
		at org.apache.tomcat.util.net.SocketProcessorBase.run(SocketProcessorBase.java:52)
		at org.apache.tomcat.util.threads.ThreadPoolExecutor.runWorker(ThreadPoolExecutor.java:1190)
		at org.apache.tomcat.util.threads.ThreadPoolExecutor$Worker.run(ThreadPoolExecutor.java:659)
		at org.apache.tomcat.util.threads.TaskThread$WrappingRunnable.run(TaskThread.java:63)
		at java.base/java.lang.Thread.run(Thread.java:1623)
24-Feb-2025 16:45:13.644 SEVERE [http-nio-8080-exec-3] org.apache.catalina.core.StandardWrapperValve.invoke Servlet.service() for servlet [jsp] in context with path [/MeuSite] threw exception [Unable to compile class for JSP: 

An error occurred at line: [17] in the jsp file: [/lista.jsp]
connection cannot be resolved to a type
14:         
15:         <% try {
16:             //Efetuar conexaão com o banco de dados
17:             connection conecta;
18:             PreparedStatement st;
19:             Class.forName{"com.mysql.cj.jdbc.Driver"};
20:             String url="jdbc:mysql://localhost:3306/bancojsp";


An error occurred at line: [19] in the jsp file: [/lista.jsp]
Syntax error, insert "VariableDeclarators" to complete LocalVariableDeclaration
16:             //Efetuar conexaão com o banco de dados
17:             connection conecta;
18:             PreparedStatement st;
19:             Class.forName{"com.mysql.cj.jdbc.Driver"};
20:             String url="jdbc:mysql://localhost:3306/bancojsp";
21:             String user="root";
22:             String password="";


An error occurred at line: [19] in the jsp file: [/lista.jsp]
Syntax error, insert ";" to complete LocalVariableDeclarationStatement
16:             //Efetuar conexaão com o banco de dados
17:             connection conecta;
18:             PreparedStatement st;
19:             Class.forName{"com.mysql.cj.jdbc.Driver"};
20:             String url="jdbc:mysql://localhost:3306/bancojsp";
21:             String user="root";
22:             String password="";


An error occurred at line: [19] in the jsp file: [/lista.jsp]
forName cannot be resolved or is not a field
16:             //Efetuar conexaão com o banco de dados
17:             connection conecta;
18:             PreparedStatement st;
19:             Class.forName{"com.mysql.cj.jdbc.Driver"};
20:             String url="jdbc:mysql://localhost:3306/bancojsp";
21:             String user="root";
22:             String password="";


An error occurred at line: [19] in the jsp file: [/lista.jsp]
Syntax error, insert "AssignmentOperator Expression" to complete Assignment
16:             //Efetuar conexaão com o banco de dados
17:             connection conecta;
18:             PreparedStatement st;
19:             Class.forName{"com.mysql.cj.jdbc.Driver"};
20:             String url="jdbc:mysql://localhost:3306/bancojsp";
21:             String user="root";
22:             String password="";


An error occurred at line: [19] in the jsp file: [/lista.jsp]
Syntax error, insert ";" to complete BlockStatements
16:             //Efetuar conexaão com o banco de dados
17:             connection conecta;
18:             PreparedStatement st;
19:             Class.forName{"com.mysql.cj.jdbc.Driver"};
20:             String url="jdbc:mysql://localhost:3306/bancojsp";
21:             String user="root";
22:             String password="";


Stacktrace:] with root cause
	org.apache.jasper.JasperException: Unable to compile class for JSP: 

An error occurred at line: [17] in the jsp file: [/lista.jsp]
connection cannot be resolved to a type
14:         
15:         <% try {
16:             //Efetuar conexaão com o banco de dados
17:             connection conecta;
18:             PreparedStatement st;
19:             Class.forName{"com.mysql.cj.jdbc.Driver"};
20:             String url="jdbc:mysql://localhost:3306/bancojsp";


An error occurred at line: [19] in the jsp file: [/lista.jsp]
Syntax error, insert "VariableDeclarators" to complete LocalVariableDeclaration
16:             //Efetuar conexaão com o banco de dados
17:             connection conecta;
18:             PreparedStatement st;
19:             Class.forName{"com.mysql.cj.jdbc.Driver"};
20:             String url="jdbc:mysql://localhost:3306/bancojsp";
21:             String user="root";
22:             String password="";


An error occurred at line: [19] in the jsp file: [/lista.jsp]
Syntax error, insert ";" to complete LocalVariableDeclarationStatement
16:             //Efetuar conexaão com o banco de dados
17:             connection conecta;
18:             PreparedStatement st;
19:             Class.forName{"com.mysql.cj.jdbc.Driver"};
20:             String url="jdbc:mysql://localhost:3306/bancojsp";
21:             String user="root";
22:             String password="";


An error occurred at line: [19] in the jsp file: [/lista.jsp]
forName cannot be resolved or is not a field
16:             //Efetuar conexaão com o banco de dados
17:             connection conecta;
18:             PreparedStatement st;
19:             Class.forName{"com.mysql.cj.jdbc.Driver"};
20:             String url="jdbc:mysql://localhost:3306/bancojsp";
21:             String user="root";
22:             String password="";


An error occurred at line: [19] in the jsp file: [/lista.jsp]
Syntax error, insert "AssignmentOperator Expression" to complete Assignment
16:             //Efetuar conexaão com o banco de dados
17:             connection conecta;
18:             PreparedStatement st;
19:             Class.forName{"com.mysql.cj.jdbc.Driver"};
20:             String url="jdbc:mysql://localhost:3306/bancojsp";
21:             String user="root";
22:             String password="";


An error occurred at line: [19] in the jsp file: [/lista.jsp]
Syntax error, insert ";" to complete BlockStatements
16:             //Efetuar conexaão com o banco de dados
17:             connection conecta;
18:             PreparedStatement st;
19:             Class.forName{"com.mysql.cj.jdbc.Driver"};
20:             String url="jdbc:mysql://localhost:3306/bancojsp";
21:             String user="root";
22:             String password="";


Stacktrace:
		at org.apache.jasper.compiler.DefaultErrorHandler.javacError(DefaultErrorHandler.java:72)
		at org.apache.jasper.compiler.ErrorDispatcher.javacError(ErrorDispatcher.java:192)
		at org.apache.jasper.compiler.JDTCompiler.generateClass(JDTCompiler.java:524)
		at org.apache.jasper.compiler.Compiler.compile(Compiler.java:373)
		at org.apache.jasper.compiler.Compiler.compile(Compiler.java:345)
		at org.apache.jasper.compiler.Compiler.compile(Compiler.java:331)
		at org.apache.jasper.JspCompilationContext.compile(JspCompilationContext.java:603)
		at org.apache.jasper.servlet.JspServletWrapper.service(JspServletWrapper.java:396)
		at org.apache.jasper.servlet.JspServlet.serviceJspFile(JspServlet.java:377)
		at org.apache.jasper.servlet.JspServlet.service(JspServlet.java:325)
		at jakarta.servlet.http.HttpServlet.service(HttpServlet.java:658)
		at org.apache.catalina.core.ApplicationFilterChain.internalDoFilter(ApplicationFilterChain.java:195)
		at org.apache.catalina.core.ApplicationFilterChain.doFilter(ApplicationFilterChain.java:140)
		at org.apache.tomcat.websocket.server.WsFilter.doFilter(WsFilter.java:51)
		at org.apache.catalina.core.ApplicationFilterChain.internalDoFilter(ApplicationFilterChain.java:164)
		at org.apache.catalina.core.ApplicationFilterChain.doFilter(ApplicationFilterChain.java:140)
		at org.apache.catalina.core.StandardWrapperValve.invoke(StandardWrapperValve.java:167)
		at org.apache.catalina.core.StandardContextValve.invoke(StandardContextValve.java:90)
		at org.apache.catalina.authenticator.AuthenticatorBase.invoke(AuthenticatorBase.java:483)
		at org.apache.catalina.core.StandardHostValve.invoke(StandardHostValve.java:115)
		at org.apache.catalina.valves.ErrorReportValve.invoke(ErrorReportValve.java:93)
		at org.apache.catalina.valves.AbstractAccessLogValve.invoke(AbstractAccessLogValve.java:663)
		at org.apache.catalina.core.StandardEngineValve.invoke(StandardEngineValve.java:74)
		at org.apache.catalina.connector.CoyoteAdapter.service(CoyoteAdapter.java:344)
		at org.apache.coyote.http11.Http11Processor.service(Http11Processor.java:397)
		at org.apache.coyote.AbstractProcessorLight.process(AbstractProcessorLight.java:63)
		at org.apache.coyote.AbstractProtocol$ConnectionHandler.process(AbstractProtocol.java:905)
		at org.apache.tomcat.util.net.NioEndpoint$SocketProcessor.doRun(NioEndpoint.java:1741)
		at org.apache.tomcat.util.net.SocketProcessorBase.run(SocketProcessorBase.java:52)
		at org.apache.tomcat.util.threads.ThreadPoolExecutor.runWorker(ThreadPoolExecutor.java:1190)
		at org.apache.tomcat.util.threads.ThreadPoolExecutor$Worker.run(ThreadPoolExecutor.java:659)
		at org.apache.tomcat.util.threads.TaskThread$WrappingRunnable.run(TaskThread.java:63)
		at java.base/java.lang.Thread.run(Thread.java:1623)
24-Feb-2025 16:45:51.573 SEVERE [http-nio-8080-exec-4] org.apache.catalina.core.StandardWrapperValve.invoke Servlet.service() for servlet [jsp] in context with path [/MeuSite] threw exception [Unable to compile class for JSP: 

An error occurred at line: [17] in the jsp file: [/lista.jsp]
connection cannot be resolved to a type
14:         
15:         <% try {
16:             //Efetuar conexaão com o banco de dados
17:             connection conecta;
18:             PreparedStatement st;
19:             Class.forName{"com.mysql.cj.jdbc.Driver"};
20:             String url="jdbc:mysql://localhost:3306/bancojsp";


An error occurred at line: [19] in the jsp file: [/lista.jsp]
Syntax error, insert "VariableDeclarators" to complete LocalVariableDeclaration
16:             //Efetuar conexaão com o banco de dados
17:             connection conecta;
18:             PreparedStatement st;
19:             Class.forName{"com.mysql.cj.jdbc.Driver"};
20:             String url="jdbc:mysql://localhost:3306/bancojsp";
21:             String user="root";
22:             String password="";


An error occurred at line: [19] in the jsp file: [/lista.jsp]
Syntax error, insert ";" to complete LocalVariableDeclarationStatement
16:             //Efetuar conexaão com o banco de dados
17:             connection conecta;
18:             PreparedStatement st;
19:             Class.forName{"com.mysql.cj.jdbc.Driver"};
20:             String url="jdbc:mysql://localhost:3306/bancojsp";
21:             String user="root";
22:             String password="";


An error occurred at line: [19] in the jsp file: [/lista.jsp]
forName cannot be resolved or is not a field
16:             //Efetuar conexaão com o banco de dados
17:             connection conecta;
18:             PreparedStatement st;
19:             Class.forName{"com.mysql.cj.jdbc.Driver"};
20:             String url="jdbc:mysql://localhost:3306/bancojsp";
21:             String user="root";
22:             String password="";


An error occurred at line: [19] in the jsp file: [/lista.jsp]
Syntax error, insert "AssignmentOperator Expression" to complete Assignment
16:             //Efetuar conexaão com o banco de dados
17:             connection conecta;
18:             PreparedStatement st;
19:             Class.forName{"com.mysql.cj.jdbc.Driver"};
20:             String url="jdbc:mysql://localhost:3306/bancojsp";
21:             String user="root";
22:             String password="";


An error occurred at line: [19] in the jsp file: [/lista.jsp]
Syntax error, insert ";" to complete BlockStatements
16:             //Efetuar conexaão com o banco de dados
17:             connection conecta;
18:             PreparedStatement st;
19:             Class.forName{"com.mysql.cj.jdbc.Driver"};
20:             String url="jdbc:mysql://localhost:3306/bancojsp";
21:             String user="root";
22:             String password="";


Stacktrace:] with root cause
	org.apache.jasper.JasperException: Unable to compile class for JSP: 

An error occurred at line: [17] in the jsp file: [/lista.jsp]
connection cannot be resolved to a type
14:         
15:         <% try {
16:             //Efetuar conexaão com o banco de dados
17:             connection conecta;
18:             PreparedStatement st;
19:             Class.forName{"com.mysql.cj.jdbc.Driver"};
20:             String url="jdbc:mysql://localhost:3306/bancojsp";


An error occurred at line: [19] in the jsp file: [/lista.jsp]
Syntax error, insert "VariableDeclarators" to complete LocalVariableDeclaration
16:             //Efetuar conexaão com o banco de dados
17:             connection conecta;
18:             PreparedStatement st;
19:             Class.forName{"com.mysql.cj.jdbc.Driver"};
20:             String url="jdbc:mysql://localhost:3306/bancojsp";
21:             String user="root";
22:             String password="";


An error occurred at line: [19] in the jsp file: [/lista.jsp]
Syntax error, insert ";" to complete LocalVariableDeclarationStatement
16:             //Efetuar conexaão com o banco de dados
17:             connection conecta;
18:             PreparedStatement st;
19:             Class.forName{"com.mysql.cj.jdbc.Driver"};
20:             String url="jdbc:mysql://localhost:3306/bancojsp";
21:             String user="root";
22:             String password="";


An error occurred at line: [19] in the jsp file: [/lista.jsp]
forName cannot be resolved or is not a field
16:             //Efetuar conexaão com o banco de dados
17:             connection conecta;
18:             PreparedStatement st;
19:             Class.forName{"com.mysql.cj.jdbc.Driver"};
20:             String url="jdbc:mysql://localhost:3306/bancojsp";
21:             String user="root";
22:             String password="";


An error occurred at line: [19] in the jsp file: [/lista.jsp]
Syntax error, insert "AssignmentOperator Expression" to complete Assignment
16:             //Efetuar conexaão com o banco de dados
17:             connection conecta;
18:             PreparedStatement st;
19:             Class.forName{"com.mysql.cj.jdbc.Driver"};
20:             String url="jdbc:mysql://localhost:3306/bancojsp";
21:             String user="root";
22:             String password="";


An error occurred at line: [19] in the jsp file: [/lista.jsp]
Syntax error, insert ";" to complete BlockStatements
16:             //Efetuar conexaão com o banco de dados
17:             connection conecta;
18:             PreparedStatement st;
19:             Class.forName{"com.mysql.cj.jdbc.Driver"};
20:             String url="jdbc:mysql://localhost:3306/bancojsp";
21:             String user="root";
22:             String password="";


Stacktrace:
		at org.apache.jasper.compiler.DefaultErrorHandler.javacError(DefaultErrorHandler.java:72)
		at org.apache.jasper.compiler.ErrorDispatcher.javacError(ErrorDispatcher.java:192)
		at org.apache.jasper.compiler.JDTCompiler.generateClass(JDTCompiler.java:524)
		at org.apache.jasper.compiler.Compiler.compile(Compiler.java:373)
		at org.apache.jasper.compiler.Compiler.compile(Compiler.java:345)
		at org.apache.jasper.compiler.Compiler.compile(Compiler.java:331)
		at org.apache.jasper.JspCompilationContext.compile(JspCompilationContext.java:603)
		at org.apache.jasper.servlet.JspServletWrapper.service(JspServletWrapper.java:396)
		at org.apache.jasper.servlet.JspServlet.serviceJspFile(JspServlet.java:377)
		at org.apache.jasper.servlet.JspServlet.service(JspServlet.java:325)
		at jakarta.servlet.http.HttpServlet.service(HttpServlet.java:658)
		at org.apache.catalina.core.ApplicationFilterChain.internalDoFilter(ApplicationFilterChain.java:195)
		at org.apache.catalina.core.ApplicationFilterChain.doFilter(ApplicationFilterChain.java:140)
		at org.apache.tomcat.websocket.server.WsFilter.doFilter(WsFilter.java:51)
		at org.apache.catalina.core.ApplicationFilterChain.internalDoFilter(ApplicationFilterChain.java:164)
		at org.apache.catalina.core.ApplicationFilterChain.doFilter(ApplicationFilterChain.java:140)
		at org.apache.catalina.core.StandardWrapperValve.invoke(StandardWrapperValve.java:167)
		at org.apache.catalina.core.StandardContextValve.invoke(StandardContextValve.java:90)
		at org.apache.catalina.authenticator.AuthenticatorBase.invoke(AuthenticatorBase.java:483)
		at org.apache.catalina.core.StandardHostValve.invoke(StandardHostValve.java:115)
		at org.apache.catalina.valves.ErrorReportValve.invoke(ErrorReportValve.java:93)
		at org.apache.catalina.valves.AbstractAccessLogValve.invoke(AbstractAccessLogValve.java:663)
		at org.apache.catalina.core.StandardEngineValve.invoke(StandardEngineValve.java:74)
		at org.apache.catalina.connector.CoyoteAdapter.service(CoyoteAdapter.java:344)
		at org.apache.coyote.http11.Http11Processor.service(Http11Processor.java:397)
		at org.apache.coyote.AbstractProcessorLight.process(AbstractProcessorLight.java:63)
		at org.apache.coyote.AbstractProtocol$ConnectionHandler.process(AbstractProtocol.java:905)
		at org.apache.tomcat.util.net.NioEndpoint$SocketProcessor.doRun(NioEndpoint.java:1741)
		at org.apache.tomcat.util.net.SocketProcessorBase.run(SocketProcessorBase.java:52)
		at org.apache.tomcat.util.threads.ThreadPoolExecutor.runWorker(ThreadPoolExecutor.java:1190)
		at org.apache.tomcat.util.threads.ThreadPoolExecutor$Worker.run(ThreadPoolExecutor.java:659)
		at org.apache.tomcat.util.threads.TaskThread$WrappingRunnable.run(TaskThread.java:63)
		at java.base/java.lang.Thread.run(Thread.java:1623)
24-Feb-2025 16:46:48.478 SEVERE [http-nio-8080-exec-8] org.apache.catalina.core.StandardWrapperValve.invoke Servlet.service() for servlet [jsp] in context with path [/MeuSite] threw exception [Unable to compile class for JSP: 

An error occurred at line: [17] in the jsp file: [/lista.jsp]
connection cannot be resolved to a type
14:         
15:         <% try {
16:             //Efetuar conexaão com o banco de dados
17:             connection conecta;
18:             PreparedStatement st;
19:             Class.forName{"com.mysql.cj.jdbc.Driver"};
20:             String url="jdbc:mysql://localhost:3306/bancojsp";


An error occurred at line: [19] in the jsp file: [/lista.jsp]
Syntax error, insert "VariableDeclarators" to complete LocalVariableDeclaration
16:             //Efetuar conexaão com o banco de dados
17:             connection conecta;
18:             PreparedStatement st;
19:             Class.forName{"com.mysql.cj.jdbc.Driver"};
20:             String url="jdbc:mysql://localhost:3306/bancojsp";
21:             String user="root";
22:             String password="";


An error occurred at line: [19] in the jsp file: [/lista.jsp]
Syntax error, insert ";" to complete LocalVariableDeclarationStatement
16:             //Efetuar conexaão com o banco de dados
17:             connection conecta;
18:             PreparedStatement st;
19:             Class.forName{"com.mysql.cj.jdbc.Driver"};
20:             String url="jdbc:mysql://localhost:3306/bancojsp";
21:             String user="root";
22:             String password="";


An error occurred at line: [19] in the jsp file: [/lista.jsp]
forName cannot be resolved or is not a field
16:             //Efetuar conexaão com o banco de dados
17:             connection conecta;
18:             PreparedStatement st;
19:             Class.forName{"com.mysql.cj.jdbc.Driver"};
20:             String url="jdbc:mysql://localhost:3306/bancojsp";
21:             String user="root";
22:             String password="";


An error occurred at line: [19] in the jsp file: [/lista.jsp]
Syntax error, insert "AssignmentOperator Expression" to complete Assignment
16:             //Efetuar conexaão com o banco de dados
17:             connection conecta;
18:             PreparedStatement st;
19:             Class.forName{"com.mysql.cj.jdbc.Driver"};
20:             String url="jdbc:mysql://localhost:3306/bancojsp";
21:             String user="root";
22:             String password="";


An error occurred at line: [19] in the jsp file: [/lista.jsp]
Syntax error, insert ";" to complete BlockStatements
16:             //Efetuar conexaão com o banco de dados
17:             connection conecta;
18:             PreparedStatement st;
19:             Class.forName{"com.mysql.cj.jdbc.Driver"};
20:             String url="jdbc:mysql://localhost:3306/bancojsp";
21:             String user="root";
22:             String password="";


Stacktrace:] with root cause
	org.apache.jasper.JasperException: Unable to compile class for JSP: 

An error occurred at line: [17] in the jsp file: [/lista.jsp]
connection cannot be resolved to a type
14:         
15:         <% try {
16:             //Efetuar conexaão com o banco de dados
17:             connection conecta;
18:             PreparedStatement st;
19:             Class.forName{"com.mysql.cj.jdbc.Driver"};
20:             String url="jdbc:mysql://localhost:3306/bancojsp";


An error occurred at line: [19] in the jsp file: [/lista.jsp]
Syntax error, insert "VariableDeclarators" to complete LocalVariableDeclaration
16:             //Efetuar conexaão com o banco de dados
17:             connection conecta;
18:             PreparedStatement st;
19:             Class.forName{"com.mysql.cj.jdbc.Driver"};
20:             String url="jdbc:mysql://localhost:3306/bancojsp";
21:             String user="root";
22:             String password="";


An error occurred at line: [19] in the jsp file: [/lista.jsp]
Syntax error, insert ";" to complete LocalVariableDeclarationStatement
16:             //Efetuar conexaão com o banco de dados
17:             connection conecta;
18:             PreparedStatement st;
19:             Class.forName{"com.mysql.cj.jdbc.Driver"};
20:             String url="jdbc:mysql://localhost:3306/bancojsp";
21:             String user="root";
22:             String password="";


An error occurred at line: [19] in the jsp file: [/lista.jsp]
forName cannot be resolved or is not a field
16:             //Efetuar conexaão com o banco de dados
17:             connection conecta;
18:             PreparedStatement st;
19:             Class.forName{"com.mysql.cj.jdbc.Driver"};
20:             String url="jdbc:mysql://localhost:3306/bancojsp";
21:             String user="root";
22:             String password="";


An error occurred at line: [19] in the jsp file: [/lista.jsp]
Syntax error, insert "AssignmentOperator Expression" to complete Assignment
16:             //Efetuar conexaão com o banco de dados
17:             connection conecta;
18:             PreparedStatement st;
19:             Class.forName{"com.mysql.cj.jdbc.Driver"};
20:             String url="jdbc:mysql://localhost:3306/bancojsp";
21:             String user="root";
22:             String password="";


An error occurred at line: [19] in the jsp file: [/lista.jsp]
Syntax error, insert ";" to complete BlockStatements
16:             //Efetuar conexaão com o banco de dados
17:             connection conecta;
18:             PreparedStatement st;
19:             Class.forName{"com.mysql.cj.jdbc.Driver"};
20:             String url="jdbc:mysql://localhost:3306/bancojsp";
21:             String user="root";
22:             String password="";


Stacktrace:
		at org.apache.jasper.compiler.DefaultErrorHandler.javacError(DefaultErrorHandler.java:72)
		at org.apache.jasper.compiler.ErrorDispatcher.javacError(ErrorDispatcher.java:192)
		at org.apache.jasper.compiler.JDTCompiler.generateClass(JDTCompiler.java:524)
		at org.apache.jasper.compiler.Compiler.compile(Compiler.java:373)
		at org.apache.jasper.compiler.Compiler.compile(Compiler.java:345)
		at org.apache.jasper.compiler.Compiler.compile(Compiler.java:331)
		at org.apache.jasper.JspCompilationContext.compile(JspCompilationContext.java:603)
		at org.apache.jasper.servlet.JspServletWrapper.service(JspServletWrapper.java:396)
		at org.apache.jasper.servlet.JspServlet.serviceJspFile(JspServlet.java:377)
		at org.apache.jasper.servlet.JspServlet.service(JspServlet.java:325)
		at jakarta.servlet.http.HttpServlet.service(HttpServlet.java:658)
		at org.apache.catalina.core.ApplicationFilterChain.internalDoFilter(ApplicationFilterChain.java:195)
		at org.apache.catalina.core.ApplicationFilterChain.doFilter(ApplicationFilterChain.java:140)
		at org.apache.tomcat.websocket.server.WsFilter.doFilter(WsFilter.java:51)
		at org.apache.catalina.core.ApplicationFilterChain.internalDoFilter(ApplicationFilterChain.java:164)
		at org.apache.catalina.core.ApplicationFilterChain.doFilter(ApplicationFilterChain.java:140)
		at org.apache.catalina.core.StandardWrapperValve.invoke(StandardWrapperValve.java:167)
		at org.apache.catalina.core.StandardContextValve.invoke(StandardContextValve.java:90)
		at org.apache.catalina.authenticator.AuthenticatorBase.invoke(AuthenticatorBase.java:483)
		at org.apache.catalina.core.StandardHostValve.invoke(StandardHostValve.java:115)
		at org.apache.catalina.valves.ErrorReportValve.invoke(ErrorReportValve.java:93)
		at org.apache.catalina.valves.AbstractAccessLogValve.invoke(AbstractAccessLogValve.java:663)
		at org.apache.catalina.core.StandardEngineValve.invoke(StandardEngineValve.java:74)
		at org.apache.catalina.connector.CoyoteAdapter.service(CoyoteAdapter.java:344)
		at org.apache.coyote.http11.Http11Processor.service(Http11Processor.java:397)
		at org.apache.coyote.AbstractProcessorLight.process(AbstractProcessorLight.java:63)
		at org.apache.coyote.AbstractProtocol$ConnectionHandler.process(AbstractProtocol.java:905)
		at org.apache.tomcat.util.net.NioEndpoint$SocketProcessor.doRun(NioEndpoint.java:1741)
		at org.apache.tomcat.util.net.SocketProcessorBase.run(SocketProcessorBase.java:52)
		at org.apache.tomcat.util.threads.ThreadPoolExecutor.runWorker(ThreadPoolExecutor.java:1190)
		at org.apache.tomcat.util.threads.ThreadPoolExecutor$Worker.run(ThreadPoolExecutor.java:659)
		at org.apache.tomcat.util.threads.TaskThread$WrappingRunnable.run(TaskThread.java:63)
		at java.base/java.lang.Thread.run(Thread.java:1623)
24-Feb-2025 16:50:33.728 SEVERE [http-nio-8080-exec-6] org.apache.catalina.core.StandardWrapperValve.invoke Servlet.service() for servlet [jsp] in context with path [/MeuSite] threw exception [Unable to compile class for JSP: 

An error occurred at line: [17] in the jsp file: [/lista.jsp]
connection cannot be resolved to a type
14:         
15:         <% try {
16:             //Efetuar conexaão com o banco de dados
17:             connection conecta;
18:             PreparedStatement st;
19:             Class.forName{"com.mysql.cj.jdbc.Driver"};
20:             String url="jdbc:mysql://localhost:3306/bancojsp";


An error occurred at line: [19] in the jsp file: [/lista.jsp]
Syntax error, insert "VariableDeclarators" to complete LocalVariableDeclaration
16:             //Efetuar conexaão com o banco de dados
17:             connection conecta;
18:             PreparedStatement st;
19:             Class.forName{"com.mysql.cj.jdbc.Driver"};
20:             String url="jdbc:mysql://localhost:3306/bancojsp";
21:             String user="root";
22:             String password="";


An error occurred at line: [19] in the jsp file: [/lista.jsp]
Syntax error, insert ";" to complete LocalVariableDeclarationStatement
16:             //Efetuar conexaão com o banco de dados
17:             connection conecta;
18:             PreparedStatement st;
19:             Class.forName{"com.mysql.cj.jdbc.Driver"};
20:             String url="jdbc:mysql://localhost:3306/bancojsp";
21:             String user="root";
22:             String password="";


An error occurred at line: [19] in the jsp file: [/lista.jsp]
forName cannot be resolved or is not a field
16:             //Efetuar conexaão com o banco de dados
17:             connection conecta;
18:             PreparedStatement st;
19:             Class.forName{"com.mysql.cj.jdbc.Driver"};
20:             String url="jdbc:mysql://localhost:3306/bancojsp";
21:             String user="root";
22:             String password="";


An error occurred at line: [19] in the jsp file: [/lista.jsp]
Syntax error, insert "AssignmentOperator Expression" to complete Assignment
16:             //Efetuar conexaão com o banco de dados
17:             connection conecta;
18:             PreparedStatement st;
19:             Class.forName{"com.mysql.cj.jdbc.Driver"};
20:             String url="jdbc:mysql://localhost:3306/bancojsp";
21:             String user="root";
22:             String password="";


An error occurred at line: [19] in the jsp file: [/lista.jsp]
Syntax error, insert ";" to complete BlockStatements
16:             //Efetuar conexaão com o banco de dados
17:             connection conecta;
18:             PreparedStatement st;
19:             Class.forName{"com.mysql.cj.jdbc.Driver"};
20:             String url="jdbc:mysql://localhost:3306/bancojsp";
21:             String user="root";
22:             String password="";


Stacktrace:] with root cause
	org.apache.jasper.JasperException: Unable to compile class for JSP: 

An error occurred at line: [17] in the jsp file: [/lista.jsp]
connection cannot be resolved to a type
14:         
15:         <% try {
16:             //Efetuar conexaão com o banco de dados
17:             connection conecta;
18:             PreparedStatement st;
19:             Class.forName{"com.mysql.cj.jdbc.Driver"};
20:             String url="jdbc:mysql://localhost:3306/bancojsp";


An error occurred at line: [19] in the jsp file: [/lista.jsp]
Syntax error, insert "VariableDeclarators" to complete LocalVariableDeclaration
16:             //Efetuar conexaão com o banco de dados
17:             connection conecta;
18:             PreparedStatement st;
19:             Class.forName{"com.mysql.cj.jdbc.Driver"};
20:             String url="jdbc:mysql://localhost:3306/bancojsp";
21:             String user="root";
22:             String password="";


An error occurred at line: [19] in the jsp file: [/lista.jsp]
Syntax error, insert ";" to complete LocalVariableDeclarationStatement
16:             //Efetuar conexaão com o banco de dados
17:             connection conecta;
18:             PreparedStatement st;
19:             Class.forName{"com.mysql.cj.jdbc.Driver"};
20:             String url="jdbc:mysql://localhost:3306/bancojsp";
21:             String user="root";
22:             String password="";


An error occurred at line: [19] in the jsp file: [/lista.jsp]
forName cannot be resolved or is not a field
16:             //Efetuar conexaão com o banco de dados
17:             connection conecta;
18:             PreparedStatement st;
19:             Class.forName{"com.mysql.cj.jdbc.Driver"};
20:             String url="jdbc:mysql://localhost:3306/bancojsp";
21:             String user="root";
22:             String password="";


An error occurred at line: [19] in the jsp file: [/lista.jsp]
Syntax error, insert "AssignmentOperator Expression" to complete Assignment
16:             //Efetuar conexaão com o banco de dados
17:             connection conecta;
18:             PreparedStatement st;
19:             Class.forName{"com.mysql.cj.jdbc.Driver"};
20:             String url="jdbc:mysql://localhost:3306/bancojsp";
21:             String user="root";
22:             String password="";


An error occurred at line: [19] in the jsp file: [/lista.jsp]
Syntax error, insert ";" to complete BlockStatements
16:             //Efetuar conexaão com o banco de dados
17:             connection conecta;
18:             PreparedStatement st;
19:             Class.forName{"com.mysql.cj.jdbc.Driver"};
20:             String url="jdbc:mysql://localhost:3306/bancojsp";
21:             String user="root";
22:             String password="";


Stacktrace:
		at org.apache.jasper.compiler.DefaultErrorHandler.javacError(DefaultErrorHandler.java:72)
		at org.apache.jasper.compiler.ErrorDispatcher.javacError(ErrorDispatcher.java:192)
		at org.apache.jasper.compiler.JDTCompiler.generateClass(JDTCompiler.java:524)
		at org.apache.jasper.compiler.Compiler.compile(Compiler.java:373)
		at org.apache.jasper.compiler.Compiler.compile(Compiler.java:345)
		at org.apache.jasper.compiler.Compiler.compile(Compiler.java:331)
		at org.apache.jasper.JspCompilationContext.compile(JspCompilationContext.java:603)
		at org.apache.jasper.servlet.JspServletWrapper.service(JspServletWrapper.java:396)
		at org.apache.jasper.servlet.JspServlet.serviceJspFile(JspServlet.java:377)
		at org.apache.jasper.servlet.JspServlet.service(JspServlet.java:325)
		at jakarta.servlet.http.HttpServlet.service(HttpServlet.java:658)
		at org.apache.catalina.core.ApplicationFilterChain.internalDoFilter(ApplicationFilterChain.java:195)
		at org.apache.catalina.core.ApplicationFilterChain.doFilter(ApplicationFilterChain.java:140)
		at org.apache.tomcat.websocket.server.WsFilter.doFilter(WsFilter.java:51)
		at org.apache.catalina.core.ApplicationFilterChain.internalDoFilter(ApplicationFilterChain.java:164)
		at org.apache.catalina.core.ApplicationFilterChain.doFilter(ApplicationFilterChain.java:140)
		at org.apache.catalina.core.StandardWrapperValve.invoke(StandardWrapperValve.java:167)
		at org.apache.catalina.core.StandardContextValve.invoke(StandardContextValve.java:90)
		at org.apache.catalina.authenticator.AuthenticatorBase.invoke(AuthenticatorBase.java:483)
		at org.apache.catalina.core.StandardHostValve.invoke(StandardHostValve.java:115)
		at org.apache.catalina.valves.ErrorReportValve.invoke(ErrorReportValve.java:93)
		at org.apache.catalina.valves.AbstractAccessLogValve.invoke(AbstractAccessLogValve.java:663)
		at org.apache.catalina.core.StandardEngineValve.invoke(StandardEngineValve.java:74)
		at org.apache.catalina.connector.CoyoteAdapter.service(CoyoteAdapter.java:344)
		at org.apache.coyote.http11.Http11Processor.service(Http11Processor.java:397)
		at org.apache.coyote.AbstractProcessorLight.process(AbstractProcessorLight.java:63)
		at org.apache.coyote.AbstractProtocol$ConnectionHandler.process(AbstractProtocol.java:905)
		at org.apache.tomcat.util.net.NioEndpoint$SocketProcessor.doRun(NioEndpoint.java:1741)
		at org.apache.tomcat.util.net.SocketProcessorBase.run(SocketProcessorBase.java:52)
		at org.apache.tomcat.util.threads.ThreadPoolExecutor.runWorker(ThreadPoolExecutor.java:1190)
		at org.apache.tomcat.util.threads.ThreadPoolExecutor$Worker.run(ThreadPoolExecutor.java:659)
		at org.apache.tomcat.util.threads.TaskThread$WrappingRunnable.run(TaskThread.java:63)
		at java.base/java.lang.Thread.run(Thread.java:1623)
24-Feb-2025 16:51:19.641 SEVERE [http-nio-8080-exec-9] org.apache.catalina.core.StandardWrapperValve.invoke Servlet.service() for servlet [jsp] in context with path [/MeuSite] threw exception [Unable to compile class for JSP: 

An error occurred at line: [17] in the jsp file: [/lista.jsp]
connection cannot be resolved to a type
14:         
15:         <% try {
16:             //Efetuar conexaão com o banco de dados
17:             connection conecta;
18:             PreparedStatement st;
19:             Class.forName{"com.mysql.cj.jdbc.Driver"};
20:             String url="jdbc:mysql://localhost:3306/bancojsp";


An error occurred at line: [19] in the jsp file: [/lista.jsp]
Syntax error, insert "VariableDeclarators" to complete LocalVariableDeclaration
16:             //Efetuar conexaão com o banco de dados
17:             connection conecta;
18:             PreparedStatement st;
19:             Class.forName{"com.mysql.cj.jdbc.Driver"};
20:             String url="jdbc:mysql://localhost:3306/bancojsp";
21:             String user="root";
22:             String password="";


An error occurred at line: [19] in the jsp file: [/lista.jsp]
Syntax error, insert ";" to complete LocalVariableDeclarationStatement
16:             //Efetuar conexaão com o banco de dados
17:             connection conecta;
18:             PreparedStatement st;
19:             Class.forName{"com.mysql.cj.jdbc.Driver"};
20:             String url="jdbc:mysql://localhost:3306/bancojsp";
21:             String user="root";
22:             String password="";


An error occurred at line: [19] in the jsp file: [/lista.jsp]
forName cannot be resolved or is not a field
16:             //Efetuar conexaão com o banco de dados
17:             connection conecta;
18:             PreparedStatement st;
19:             Class.forName{"com.mysql.cj.jdbc.Driver"};
20:             String url="jdbc:mysql://localhost:3306/bancojsp";
21:             String user="root";
22:             String password="";


An error occurred at line: [19] in the jsp file: [/lista.jsp]
Syntax error, insert "AssignmentOperator Expression" to complete Assignment
16:             //Efetuar conexaão com o banco de dados
17:             connection conecta;
18:             PreparedStatement st;
19:             Class.forName{"com.mysql.cj.jdbc.Driver"};
20:             String url="jdbc:mysql://localhost:3306/bancojsp";
21:             String user="root";
22:             String password="";


An error occurred at line: [19] in the jsp file: [/lista.jsp]
Syntax error, insert ";" to complete BlockStatements
16:             //Efetuar conexaão com o banco de dados
17:             connection conecta;
18:             PreparedStatement st;
19:             Class.forName{"com.mysql.cj.jdbc.Driver"};
20:             String url="jdbc:mysql://localhost:3306/bancojsp";
21:             String user="root";
22:             String password="";


Stacktrace:] with root cause
	org.apache.jasper.JasperException: Unable to compile class for JSP: 

An error occurred at line: [17] in the jsp file: [/lista.jsp]
connection cannot be resolved to a type
14:         
15:         <% try {
16:             //Efetuar conexaão com o banco de dados
17:             connection conecta;
18:             PreparedStatement st;
19:             Class.forName{"com.mysql.cj.jdbc.Driver"};
20:             String url="jdbc:mysql://localhost:3306/bancojsp";


An error occurred at line: [19] in the jsp file: [/lista.jsp]
Syntax error, insert "VariableDeclarators" to complete LocalVariableDeclaration
16:             //Efetuar conexaão com o banco de dados
17:             connection conecta;
18:             PreparedStatement st;
19:             Class.forName{"com.mysql.cj.jdbc.Driver"};
20:             String url="jdbc:mysql://localhost:3306/bancojsp";
21:             String user="root";
22:             String password="";


An error occurred at line: [19] in the jsp file: [/lista.jsp]
Syntax error, insert ";" to complete LocalVariableDeclarationStatement
16:             //Efetuar conexaão com o banco de dados
17:             connection conecta;
18:             PreparedStatement st;
19:             Class.forName{"com.mysql.cj.jdbc.Driver"};
20:             String url="jdbc:mysql://localhost:3306/bancojsp";
21:             String user="root";
22:             String password="";


An error occurred at line: [19] in the jsp file: [/lista.jsp]
forName cannot be resolved or is not a field
16:             //Efetuar conexaão com o banco de dados
17:             connection conecta;
18:             PreparedStatement st;
19:             Class.forName{"com.mysql.cj.jdbc.Driver"};
20:             String url="jdbc:mysql://localhost:3306/bancojsp";
21:             String user="root";
22:             String password="";


An error occurred at line: [19] in the jsp file: [/lista.jsp]
Syntax error, insert "AssignmentOperator Expression" to complete Assignment
16:             //Efetuar conexaão com o banco de dados
17:             connection conecta;
18:             PreparedStatement st;
19:             Class.forName{"com.mysql.cj.jdbc.Driver"};
20:             String url="jdbc:mysql://localhost:3306/bancojsp";
21:             String user="root";
22:             String password="";


An error occurred at line: [19] in the jsp file: [/lista.jsp]
Syntax error, insert ";" to complete BlockStatements
16:             //Efetuar conexaão com o banco de dados
17:             connection conecta;
18:             PreparedStatement st;
19:             Class.forName{"com.mysql.cj.jdbc.Driver"};
20:             String url="jdbc:mysql://localhost:3306/bancojsp";
21:             String user="root";
22:             String password="";


Stacktrace:
		at org.apache.jasper.compiler.DefaultErrorHandler.javacError(DefaultErrorHandler.java:72)
		at org.apache.jasper.compiler.ErrorDispatcher.javacError(ErrorDispatcher.java:192)
		at org.apache.jasper.compiler.JDTCompiler.generateClass(JDTCompiler.java:524)
		at org.apache.jasper.compiler.Compiler.compile(Compiler.java:373)
		at org.apache.jasper.compiler.Compiler.compile(Compiler.java:345)
		at org.apache.jasper.compiler.Compiler.compile(Compiler.java:331)
		at org.apache.jasper.JspCompilationContext.compile(JspCompilationContext.java:603)
		at org.apache.jasper.servlet.JspServletWrapper.service(JspServletWrapper.java:396)
		at org.apache.jasper.servlet.JspServlet.serviceJspFile(JspServlet.java:377)
		at org.apache.jasper.servlet.JspServlet.service(JspServlet.java:325)
		at jakarta.servlet.http.HttpServlet.service(HttpServlet.java:658)
		at org.apache.catalina.core.ApplicationFilterChain.internalDoFilter(ApplicationFilterChain.java:195)
		at org.apache.catalina.core.ApplicationFilterChain.doFilter(ApplicationFilterChain.java:140)
		at org.apache.tomcat.websocket.server.WsFilter.doFilter(WsFilter.java:51)
		at org.apache.catalina.core.ApplicationFilterChain.internalDoFilter(ApplicationFilterChain.java:164)
		at org.apache.catalina.core.ApplicationFilterChain.doFilter(ApplicationFilterChain.java:140)
		at org.apache.catalina.core.StandardWrapperValve.invoke(StandardWrapperValve.java:167)
		at org.apache.catalina.core.StandardContextValve.invoke(StandardContextValve.java:90)
		at org.apache.catalina.authenticator.AuthenticatorBase.invoke(AuthenticatorBase.java:483)
		at org.apache.catalina.core.StandardHostValve.invoke(StandardHostValve.java:115)
		at org.apache.catalina.valves.ErrorReportValve.invoke(ErrorReportValve.java:93)
		at org.apache.catalina.valves.AbstractAccessLogValve.invoke(AbstractAccessLogValve.java:663)
		at org.apache.catalina.core.StandardEngineValve.invoke(StandardEngineValve.java:74)
		at org.apache.catalina.connector.CoyoteAdapter.service(CoyoteAdapter.java:344)
		at org.apache.coyote.http11.Http11Processor.service(Http11Processor.java:397)
		at org.apache.coyote.AbstractProcessorLight.process(AbstractProcessorLight.java:63)
		at org.apache.coyote.AbstractProtocol$ConnectionHandler.process(AbstractProtocol.java:905)
		at org.apache.tomcat.util.net.NioEndpoint$SocketProcessor.doRun(NioEndpoint.java:1741)
		at org.apache.tomcat.util.net.SocketProcessorBase.run(SocketProcessorBase.java:52)
		at org.apache.tomcat.util.threads.ThreadPoolExecutor.runWorker(ThreadPoolExecutor.java:1190)
		at org.apache.tomcat.util.threads.ThreadPoolExecutor$Worker.run(ThreadPoolExecutor.java:659)
		at org.apache.tomcat.util.threads.TaskThread$WrappingRunnable.run(TaskThread.java:63)
		at java.base/java.lang.Thread.run(Thread.java:1623)
24-Feb-2025 19:41:04.569 INFO [main] org.apache.catalina.core.ApplicationContext.log SessionListener: contextDestroyed()
24-Feb-2025 19:41:04.569 INFO [main] org.apache.catalina.core.ApplicationContext.log ContextListener: contextDestroyed()
