14-Feb-2025 01:08:31.586 INFO [main] org.apache.catalina.startup.VersionLoggerListener.log Server version name:   Apache Tomcat/10.1.34
14-Feb-2025 01:08:31.596 INFO [main] org.apache.catalina.startup.VersionLoggerListener.log Server built:          Dec 5 2024 16:01:16 UTC
14-Feb-2025 01:08:31.596 INFO [main] org.apache.catalina.startup.VersionLoggerListener.log Server version number: 10.1.34.0
14-Feb-2025 01:08:31.596 INFO [main] org.apache.catalina.startup.VersionLoggerListener.log OS Name:               Windows 11
14-Feb-2025 01:08:31.596 INFO [main] org.apache.catalina.startup.VersionLoggerListener.log OS Version:            10.0
14-Feb-2025 01:08:31.596 INFO [main] org.apache.catalina.startup.VersionLoggerListener.log Architecture:          amd64
14-Feb-2025 01:08:31.597 INFO [main] org.apache.catalina.startup.VersionLoggerListener.log Java Home:             C:\Program Files\Java\jdk-21
14-Feb-2025 01:08:31.597 INFO [main] org.apache.catalina.startup.VersionLoggerListener.log JVM Version:           21.0.6+8-LTS-188
14-Feb-2025 01:08:31.597 INFO [main] org.apache.catalina.startup.VersionLoggerListener.log JVM Vendor:            Oracle Corporation
14-Feb-2025 01:08:31.597 INFO [main] org.apache.catalina.startup.VersionLoggerListener.log CATALINA_BASE:         C:\Users\rafae\OneDrive\Área de Trabalho\Code\projeto-backend-database\apache-tomcat-10.1.34-windows-x64\apache-tomcat-10.1.34
14-Feb-2025 01:08:31.597 INFO [main] org.apache.catalina.startup.VersionLoggerListener.log CATALINA_HOME:         C:\Users\rafae\OneDrive\Área de Trabalho\Code\projeto-backend-database\apache-tomcat-10.1.34-windows-x64\apache-tomcat-10.1.34
14-Feb-2025 01:08:31.615 INFO [main] org.apache.catalina.startup.VersionLoggerListener.log Command line argument: -Djava.util.logging.config.file=C:\Users\rafae\OneDrive\Área de Trabalho\Code\projeto-backend-database\apache-tomcat-10.1.34-windows-x64\apache-tomcat-10.1.34\conf\logging.properties
14-Feb-2025 01:08:31.615 INFO [main] org.apache.catalina.startup.VersionLoggerListener.log Command line argument: -Djava.util.logging.manager=org.apache.juli.ClassLoaderLogManager
14-Feb-2025 01:08:31.615 INFO [main] org.apache.catalina.startup.VersionLoggerListener.log Command line argument: -Djdk.tls.ephemeralDHKeySize=2048
14-Feb-2025 01:08:31.615 INFO [main] org.apache.catalina.startup.VersionLoggerListener.log Command line argument: -Djava.protocol.handler.pkgs=org.apache.catalina.webresources
14-Feb-2025 01:08:31.615 INFO [main] org.apache.catalina.startup.VersionLoggerListener.log Command line argument: --add-opens=java.base/java.lang=ALL-UNNAMED
14-Feb-2025 01:08:31.615 INFO [main] org.apache.catalina.startup.VersionLoggerListener.log Command line argument: --add-opens=java.base/java.io=ALL-UNNAMED
14-Feb-2025 01:08:31.615 INFO [main] org.apache.catalina.startup.VersionLoggerListener.log Command line argument: --add-opens=java.base/java.util=ALL-UNNAMED
14-Feb-2025 01:08:31.615 INFO [main] org.apache.catalina.startup.VersionLoggerListener.log Command line argument: --add-opens=java.base/java.util.concurrent=ALL-UNNAMED
14-Feb-2025 01:08:31.615 INFO [main] org.apache.catalina.startup.VersionLoggerListener.log Command line argument: --add-opens=java.rmi/sun.rmi.transport=ALL-UNNAMED
14-Feb-2025 01:08:31.616 INFO [main] org.apache.catalina.startup.VersionLoggerListener.log Command line argument: -Dcatalina.base=C:\Users\rafae\OneDrive\Área de Trabalho\Code\projeto-backend-database\apache-tomcat-10.1.34-windows-x64\apache-tomcat-10.1.34
14-Feb-2025 01:08:31.616 INFO [main] org.apache.catalina.startup.VersionLoggerListener.log Command line argument: -Dcatalina.home=C:\Users\rafae\OneDrive\Área de Trabalho\Code\projeto-backend-database\apache-tomcat-10.1.34-windows-x64\apache-tomcat-10.1.34
14-Feb-2025 01:08:31.616 INFO [main] org.apache.catalina.startup.VersionLoggerListener.log Command line argument: -Djava.io.tmpdir=C:\Users\rafae\OneDrive\Área de Trabalho\Code\projeto-backend-database\apache-tomcat-10.1.34-windows-x64\apache-tomcat-10.1.34\temp
14-Feb-2025 01:08:31.623 INFO [main] org.apache.catalina.core.AprLifecycleListener.lifecycleEvent Loaded Apache Tomcat Native library [2.0.8] using APR version [1.7.4].
14-Feb-2025 01:08:31.750 INFO [main] org.apache.catalina.core.AprLifecycleListener.initializeSSL OpenSSL successfully initialized [OpenSSL 3.0.14 4 Jun 2024]
14-Feb-2025 01:08:32.170 INFO [main] org.apache.coyote.AbstractProtocol.init Initializing ProtocolHandler ["http-nio-8080"]
14-Feb-2025 01:08:32.205 INFO [main] org.apache.catalina.startup.Catalina.load Server initialization in [955] milliseconds
14-Feb-2025 01:08:32.298 INFO [main] org.apache.catalina.core.StandardService.startInternal Starting service [Catalina]
14-Feb-2025 01:08:32.299 INFO [main] org.apache.catalina.core.StandardEngine.startInternal Starting Servlet engine: [Apache Tomcat/10.1.34]
14-Feb-2025 01:08:32.325 INFO [main] org.apache.catalina.startup.HostConfig.deployDescriptor Deploying deployment descriptor [C:\Users\rafae\OneDrive\Área de Trabalho\Code\projeto-backend-database\apache-tomcat-10.1.34-windows-x64\apache-tomcat-10.1.34\conf\Catalina\localhost\meuProjectDB.xml]
14-Feb-2025 01:08:32.348 WARNING [main] org.apache.catalina.startup.HostConfig.deployDescriptor The path attribute with value [/meuProjectDB] in deployment descriptor [C:\Users\rafae\OneDrive\Área de Trabalho\Code\projeto-backend-database\apache-tomcat-10.1.34-windows-x64\apache-tomcat-10.1.34\conf\Catalina\localhost\meuProjectDB.xml] has been ignored
14-Feb-2025 01:08:32.408 SEVERE [main] org.apache.catalina.startup.HostConfig.deployDescriptor Error deploying deployment descriptor [C:\Users\rafae\OneDrive\Área de Trabalho\Code\projeto-backend-database\apache-tomcat-10.1.34-windows-x64\apache-tomcat-10.1.34\conf\Catalina\localhost\meuProjectDB.xml]
	java.lang.IllegalStateException: Error starting child
		at org.apache.catalina.core.ContainerBase.addChildInternal(ContainerBase.java:602)
		at org.apache.catalina.core.ContainerBase.addChild(ContainerBase.java:571)
		at org.apache.catalina.core.StandardHost.addChild(StandardHost.java:654)
		at org.apache.catalina.startup.HostConfig.deployDescriptor(HostConfig.java:635)
		at org.apache.catalina.startup.HostConfig$DeployDescriptor.run(HostConfig.java:1889)
		at java.base/java.util.concurrent.Executors$RunnableAdapter.call(Executors.java:572)
		at java.base/java.util.concurrent.FutureTask.run(FutureTask.java:317)
		at org.apache.tomcat.util.threads.InlineExecutorService.execute(InlineExecutorService.java:75)
		at java.base/java.util.concurrent.AbstractExecutorService.submit(AbstractExecutorService.java:123)
		at org.apache.catalina.startup.HostConfig.deployDescriptors(HostConfig.java:530)
		at org.apache.catalina.startup.HostConfig.deployApps(HostConfig.java:421)
		at org.apache.catalina.startup.HostConfig.start(HostConfig.java:1629)
		at org.apache.catalina.startup.HostConfig.lifecycleEvent(HostConfig.java:303)
		at org.apache.catalina.util.LifecycleBase.fireLifecycleEvent(LifecycleBase.java:109)
		at org.apache.catalina.util.LifecycleBase.setStateInternal(LifecycleBase.java:389)
		at org.apache.catalina.util.LifecycleBase.setState(LifecycleBase.java:336)
		at org.apache.catalina.core.ContainerBase.startInternal(ContainerBase.java:776)
		at org.apache.catalina.core.StandardHost.startInternal(StandardHost.java:772)
		at org.apache.catalina.util.LifecycleBase.start(LifecycleBase.java:164)
		at org.apache.catalina.core.ContainerBase$StartChild.call(ContainerBase.java:1203)
		at org.apache.catalina.core.ContainerBase$StartChild.call(ContainerBase.java:1193)
		at java.base/java.util.concurrent.FutureTask.run(FutureTask.java:317)
		at org.apache.tomcat.util.threads.InlineExecutorService.execute(InlineExecutorService.java:75)
		at java.base/java.util.concurrent.AbstractExecutorService.submit(AbstractExecutorService.java:145)
		at org.apache.catalina.core.ContainerBase.startInternal(ContainerBase.java:749)
		at org.apache.catalina.core.StandardEngine.startInternal(StandardEngine.java:203)
		at org.apache.catalina.util.LifecycleBase.start(LifecycleBase.java:164)
		at org.apache.catalina.core.StandardService.startInternal(StandardService.java:415)
		at org.apache.catalina.util.LifecycleBase.start(LifecycleBase.java:164)
		at org.apache.catalina.core.StandardServer.startInternal(StandardServer.java:870)
		at org.apache.catalina.util.LifecycleBase.start(LifecycleBase.java:164)
		at org.apache.catalina.startup.Catalina.start(Catalina.java:761)
		at java.base/jdk.internal.reflect.DirectMethodHandleAccessor.invoke(DirectMethodHandleAccessor.java:103)
		at java.base/java.lang.reflect.Method.invoke(Method.java:580)
		at org.apache.catalina.startup.Bootstrap.start(Bootstrap.java:345)
		at org.apache.catalina.startup.Bootstrap.main(Bootstrap.java:473)
	Caused by: org.apache.catalina.LifecycleException: Failed to start component [org.apache.catalina.webresources.StandardRoot@6f3187b0]
		at org.apache.catalina.util.LifecycleBase.handleSubClassException(LifecycleBase.java:406)
		at org.apache.catalina.util.LifecycleBase.start(LifecycleBase.java:179)
		at org.apache.catalina.core.StandardContext.resourcesStart(StandardContext.java:4121)
		at org.apache.catalina.core.StandardContext.startInternal(StandardContext.java:4243)
		at org.apache.catalina.util.LifecycleBase.start(LifecycleBase.java:164)
		at org.apache.catalina.core.ContainerBase.addChildInternal(ContainerBase.java:599)
		... 35 more
	Caused by: java.lang.IllegalArgumentException: The main resource set specified [C:\Users\rafae\OneDrive\Área de Trabalho\meuProjectDB\build\web] is not a directory or war file, or is not readable (it does not exist or permissions to access it are missing)
		at org.apache.catalina.webresources.StandardRoot.createMainResourceSet(StandardRoot.java:749)
		at org.apache.catalina.webresources.StandardRoot.startInternal(StandardRoot.java:707)
		at org.apache.catalina.util.LifecycleBase.start(LifecycleBase.java:164)
		... 39 more
14-Feb-2025 01:08:32.445 INFO [main] org.apache.catalina.startup.HostConfig.deployDescriptor Deployment of deployment descriptor [C:\Users\rafae\OneDrive\Área de Trabalho\Code\projeto-backend-database\apache-tomcat-10.1.34-windows-x64\apache-tomcat-10.1.34\conf\Catalina\localhost\meuProjectDB.xml] has finished in [115] ms
14-Feb-2025 01:08:32.445 INFO [main] org.apache.catalina.startup.HostConfig.deployDescriptor Deploying deployment descriptor [C:\Users\rafae\OneDrive\Área de Trabalho\Code\projeto-backend-database\apache-tomcat-10.1.34-windows-x64\apache-tomcat-10.1.34\conf\Catalina\localhost\MeuSite.xml]
14-Feb-2025 01:08:32.446 WARNING [main] org.apache.catalina.startup.HostConfig.deployDescriptor The path attribute with value [/MeuSite] in deployment descriptor [C:\Users\rafae\OneDrive\Área de Trabalho\Code\projeto-backend-database\apache-tomcat-10.1.34-windows-x64\apache-tomcat-10.1.34\conf\Catalina\localhost\MeuSite.xml] has been ignored
14-Feb-2025 01:08:32.455 SEVERE [main] org.apache.catalina.startup.HostConfig.deployDescriptor Error deploying deployment descriptor [C:\Users\rafae\OneDrive\Área de Trabalho\Code\projeto-backend-database\apache-tomcat-10.1.34-windows-x64\apache-tomcat-10.1.34\conf\Catalina\localhost\MeuSite.xml]
	java.lang.IllegalStateException: Error starting child
		at org.apache.catalina.core.ContainerBase.addChildInternal(ContainerBase.java:602)
		at org.apache.catalina.core.ContainerBase.addChild(ContainerBase.java:571)
		at org.apache.catalina.core.StandardHost.addChild(StandardHost.java:654)
		at org.apache.catalina.startup.HostConfig.deployDescriptor(HostConfig.java:635)
		at org.apache.catalina.startup.HostConfig$DeployDescriptor.run(HostConfig.java:1889)
		at java.base/java.util.concurrent.Executors$RunnableAdapter.call(Executors.java:572)
		at java.base/java.util.concurrent.FutureTask.run(FutureTask.java:317)
		at org.apache.tomcat.util.threads.InlineExecutorService.execute(InlineExecutorService.java:75)
		at java.base/java.util.concurrent.AbstractExecutorService.submit(AbstractExecutorService.java:123)
		at org.apache.catalina.startup.HostConfig.deployDescriptors(HostConfig.java:530)
		at org.apache.catalina.startup.HostConfig.deployApps(HostConfig.java:421)
		at org.apache.catalina.startup.HostConfig.start(HostConfig.java:1629)
		at org.apache.catalina.startup.HostConfig.lifecycleEvent(HostConfig.java:303)
		at org.apache.catalina.util.LifecycleBase.fireLifecycleEvent(LifecycleBase.java:109)
		at org.apache.catalina.util.LifecycleBase.setStateInternal(LifecycleBase.java:389)
		at org.apache.catalina.util.LifecycleBase.setState(LifecycleBase.java:336)
		at org.apache.catalina.core.ContainerBase.startInternal(ContainerBase.java:776)
		at org.apache.catalina.core.StandardHost.startInternal(StandardHost.java:772)
		at org.apache.catalina.util.LifecycleBase.start(LifecycleBase.java:164)
		at org.apache.catalina.core.ContainerBase$StartChild.call(ContainerBase.java:1203)
		at org.apache.catalina.core.ContainerBase$StartChild.call(ContainerBase.java:1193)
		at java.base/java.util.concurrent.FutureTask.run(FutureTask.java:317)
		at org.apache.tomcat.util.threads.InlineExecutorService.execute(InlineExecutorService.java:75)
		at java.base/java.util.concurrent.AbstractExecutorService.submit(AbstractExecutorService.java:145)
		at org.apache.catalina.core.ContainerBase.startInternal(ContainerBase.java:749)
		at org.apache.catalina.core.StandardEngine.startInternal(StandardEngine.java:203)
		at org.apache.catalina.util.LifecycleBase.start(LifecycleBase.java:164)
		at org.apache.catalina.core.StandardService.startInternal(StandardService.java:415)
		at org.apache.catalina.util.LifecycleBase.start(LifecycleBase.java:164)
		at org.apache.catalina.core.StandardServer.startInternal(StandardServer.java:870)
		at org.apache.catalina.util.LifecycleBase.start(LifecycleBase.java:164)
		at org.apache.catalina.startup.Catalina.start(Catalina.java:761)
		at java.base/jdk.internal.reflect.DirectMethodHandleAccessor.invoke(DirectMethodHandleAccessor.java:103)
		at java.base/java.lang.reflect.Method.invoke(Method.java:580)
		at org.apache.catalina.startup.Bootstrap.start(Bootstrap.java:345)
		at org.apache.catalina.startup.Bootstrap.main(Bootstrap.java:473)
	Caused by: org.apache.catalina.LifecycleException: Failed to start component [org.apache.catalina.webresources.StandardRoot@7d94beb9]
		at org.apache.catalina.util.LifecycleBase.handleSubClassException(LifecycleBase.java:406)
		at org.apache.catalina.util.LifecycleBase.start(LifecycleBase.java:179)
		at org.apache.catalina.core.StandardContext.resourcesStart(StandardContext.java:4121)
		at org.apache.catalina.core.StandardContext.startInternal(StandardContext.java:4243)
		at org.apache.catalina.util.LifecycleBase.start(LifecycleBase.java:164)
		at org.apache.catalina.core.ContainerBase.addChildInternal(ContainerBase.java:599)
		... 35 more
	Caused by: java.lang.IllegalArgumentException: The main resource set specified [C:\Users\rafae\OneDrive\Área de Trabalho\Projeto\MeuSite\build\web] is not a directory or war file, or is not readable (it does not exist or permissions to access it are missing)
		at org.apache.catalina.webresources.StandardRoot.createMainResourceSet(StandardRoot.java:749)
		at org.apache.catalina.webresources.StandardRoot.startInternal(StandardRoot.java:707)
		at org.apache.catalina.util.LifecycleBase.start(LifecycleBase.java:164)
		... 39 more
14-Feb-2025 01:08:32.622 INFO [main] org.apache.catalina.startup.HostConfig.deployDescriptor Deployment of deployment descriptor [C:\Users\rafae\OneDrive\Área de Trabalho\Code\projeto-backend-database\apache-tomcat-10.1.34-windows-x64\apache-tomcat-10.1.34\conf\Catalina\localhost\MeuSite.xml] has finished in [177] ms
14-Feb-2025 01:08:32.622 INFO [main] org.apache.catalina.startup.HostConfig.deployDescriptor Deploying deployment descriptor [C:\Users\rafae\OneDrive\Área de Trabalho\Code\projeto-backend-database\apache-tomcat-10.1.34-windows-x64\apache-tomcat-10.1.34\conf\Catalina\localhost\WebApplication1.xml]
14-Feb-2025 01:08:32.624 WARNING [main] org.apache.catalina.startup.HostConfig.deployDescriptor The path attribute with value [/WebApplication1] in deployment descriptor [C:\Users\rafae\OneDrive\Área de Trabalho\Code\projeto-backend-database\apache-tomcat-10.1.34-windows-x64\apache-tomcat-10.1.34\conf\Catalina\localhost\WebApplication1.xml] has been ignored
14-Feb-2025 01:08:32.633 SEVERE [main] org.apache.catalina.startup.HostConfig.deployDescriptor Error deploying deployment descriptor [C:\Users\rafae\OneDrive\Área de Trabalho\Code\projeto-backend-database\apache-tomcat-10.1.34-windows-x64\apache-tomcat-10.1.34\conf\Catalina\localhost\WebApplication1.xml]
	java.lang.IllegalStateException: Error starting child
		at org.apache.catalina.core.ContainerBase.addChildInternal(ContainerBase.java:602)
		at org.apache.catalina.core.ContainerBase.addChild(ContainerBase.java:571)
		at org.apache.catalina.core.StandardHost.addChild(StandardHost.java:654)
		at org.apache.catalina.startup.HostConfig.deployDescriptor(HostConfig.java:635)
		at org.apache.catalina.startup.HostConfig$DeployDescriptor.run(HostConfig.java:1889)
		at java.base/java.util.concurrent.Executors$RunnableAdapter.call(Executors.java:572)
		at java.base/java.util.concurrent.FutureTask.run(FutureTask.java:317)
		at org.apache.tomcat.util.threads.InlineExecutorService.execute(InlineExecutorService.java:75)
		at java.base/java.util.concurrent.AbstractExecutorService.submit(AbstractExecutorService.java:123)
		at org.apache.catalina.startup.HostConfig.deployDescriptors(HostConfig.java:530)
		at org.apache.catalina.startup.HostConfig.deployApps(HostConfig.java:421)
		at org.apache.catalina.startup.HostConfig.start(HostConfig.java:1629)
		at org.apache.catalina.startup.HostConfig.lifecycleEvent(HostConfig.java:303)
		at org.apache.catalina.util.LifecycleBase.fireLifecycleEvent(LifecycleBase.java:109)
		at org.apache.catalina.util.LifecycleBase.setStateInternal(LifecycleBase.java:389)
		at org.apache.catalina.util.LifecycleBase.setState(LifecycleBase.java:336)
		at org.apache.catalina.core.ContainerBase.startInternal(ContainerBase.java:776)
		at org.apache.catalina.core.StandardHost.startInternal(StandardHost.java:772)
		at org.apache.catalina.util.LifecycleBase.start(LifecycleBase.java:164)
		at org.apache.catalina.core.ContainerBase$StartChild.call(ContainerBase.java:1203)
		at org.apache.catalina.core.ContainerBase$StartChild.call(ContainerBase.java:1193)
		at java.base/java.util.concurrent.FutureTask.run(FutureTask.java:317)
		at org.apache.tomcat.util.threads.InlineExecutorService.execute(InlineExecutorService.java:75)
		at java.base/java.util.concurrent.AbstractExecutorService.submit(AbstractExecutorService.java:145)
		at org.apache.catalina.core.ContainerBase.startInternal(ContainerBase.java:749)
		at org.apache.catalina.core.StandardEngine.startInternal(StandardEngine.java:203)
		at org.apache.catalina.util.LifecycleBase.start(LifecycleBase.java:164)
		at org.apache.catalina.core.StandardService.startInternal(StandardService.java:415)
		at org.apache.catalina.util.LifecycleBase.start(LifecycleBase.java:164)
		at org.apache.catalina.core.StandardServer.startInternal(StandardServer.java:870)
		at org.apache.catalina.util.LifecycleBase.start(LifecycleBase.java:164)
		at org.apache.catalina.startup.Catalina.start(Catalina.java:761)
		at java.base/jdk.internal.reflect.DirectMethodHandleAccessor.invoke(DirectMethodHandleAccessor.java:103)
		at java.base/java.lang.reflect.Method.invoke(Method.java:580)
		at org.apache.catalina.startup.Bootstrap.start(Bootstrap.java:345)
		at org.apache.catalina.startup.Bootstrap.main(Bootstrap.java:473)
	Caused by: org.apache.catalina.LifecycleException: Failed to start component [org.apache.catalina.webresources.StandardRoot@37911f88]
		at org.apache.catalina.util.LifecycleBase.handleSubClassException(LifecycleBase.java:406)
		at org.apache.catalina.util.LifecycleBase.start(LifecycleBase.java:179)
		at org.apache.catalina.core.StandardContext.resourcesStart(StandardContext.java:4121)
		at org.apache.catalina.core.StandardContext.startInternal(StandardContext.java:4243)
		at org.apache.catalina.util.LifecycleBase.start(LifecycleBase.java:164)
		at org.apache.catalina.core.ContainerBase.addChildInternal(ContainerBase.java:599)
		... 35 more
	Caused by: java.lang.IllegalArgumentException: The main resource set specified [C:\Users\rafae\OneDrive\Documentos\NetBeansProjects\WebApplication1\build\web] is not a directory or war file, or is not readable (it does not exist or permissions to access it are missing)
		at org.apache.catalina.webresources.StandardRoot.createMainResourceSet(StandardRoot.java:749)
		at org.apache.catalina.webresources.StandardRoot.startInternal(StandardRoot.java:707)
		at org.apache.catalina.util.LifecycleBase.start(LifecycleBase.java:164)
		... 39 more
14-Feb-2025 01:08:32.694 INFO [main] org.apache.catalina.startup.HostConfig.deployDescriptor Deployment of deployment descriptor [C:\Users\rafae\OneDrive\Área de Trabalho\Code\projeto-backend-database\apache-tomcat-10.1.34-windows-x64\apache-tomcat-10.1.34\conf\Catalina\localhost\WebApplication1.xml] has finished in [71] ms
14-Feb-2025 01:08:32.695 INFO [main] org.apache.catalina.startup.HostConfig.deployDirectory Diretório de instalação da aplicação web [C:\Users\rafae\OneDrive\Área de Trabalho\Code\projeto-backend-database\apache-tomcat-10.1.34-windows-x64\apache-tomcat-10.1.34\webapps\docs]
14-Feb-2025 01:08:33.269 INFO [main] org.apache.catalina.startup.HostConfig.deployDirectory Deployment of web application directory [C:\Users\rafae\OneDrive\Área de Trabalho\Code\projeto-backend-database\apache-tomcat-10.1.34-windows-x64\apache-tomcat-10.1.34\webapps\docs] has finished in [573] ms
14-Feb-2025 01:08:33.269 INFO [main] org.apache.catalina.startup.HostConfig.deployDirectory Diretório de instalação da aplicação web [C:\Users\rafae\OneDrive\Área de Trabalho\Code\projeto-backend-database\apache-tomcat-10.1.34-windows-x64\apache-tomcat-10.1.34\webapps\examples]
14-Feb-2025 01:08:34.041 INFO [main] org.apache.catalina.startup.HostConfig.deployDirectory Deployment of web application directory [C:\Users\rafae\OneDrive\Área de Trabalho\Code\projeto-backend-database\apache-tomcat-10.1.34-windows-x64\apache-tomcat-10.1.34\webapps\examples] has finished in [772] ms
14-Feb-2025 01:08:34.043 INFO [main] org.apache.catalina.startup.HostConfig.deployDirectory Diretório de instalação da aplicação web [C:\Users\rafae\OneDrive\Área de Trabalho\Code\projeto-backend-database\apache-tomcat-10.1.34-windows-x64\apache-tomcat-10.1.34\webapps\host-manager]
14-Feb-2025 01:08:34.118 INFO [main] org.apache.catalina.startup.HostConfig.deployDirectory Deployment of web application directory [C:\Users\rafae\OneDrive\Área de Trabalho\Code\projeto-backend-database\apache-tomcat-10.1.34-windows-x64\apache-tomcat-10.1.34\webapps\host-manager] has finished in [75] ms
14-Feb-2025 01:08:34.118 INFO [main] org.apache.catalina.startup.HostConfig.deployDirectory Diretório de instalação da aplicação web [C:\Users\rafae\OneDrive\Área de Trabalho\Code\projeto-backend-database\apache-tomcat-10.1.34-windows-x64\apache-tomcat-10.1.34\webapps\manager]
14-Feb-2025 01:08:34.196 INFO [main] org.apache.catalina.startup.HostConfig.deployDirectory Deployment of web application directory [C:\Users\rafae\OneDrive\Área de Trabalho\Code\projeto-backend-database\apache-tomcat-10.1.34-windows-x64\apache-tomcat-10.1.34\webapps\manager] has finished in [77] ms
14-Feb-2025 01:08:34.196 INFO [main] org.apache.catalina.startup.HostConfig.deployDirectory Diretório de instalação da aplicação web [C:\Users\rafae\OneDrive\Área de Trabalho\Code\projeto-backend-database\apache-tomcat-10.1.34-windows-x64\apache-tomcat-10.1.34\webapps\ROOT]
14-Feb-2025 01:08:34.236 INFO [main] org.apache.catalina.startup.HostConfig.deployDirectory Deployment of web application directory [C:\Users\rafae\OneDrive\Área de Trabalho\Code\projeto-backend-database\apache-tomcat-10.1.34-windows-x64\apache-tomcat-10.1.34\webapps\ROOT] has finished in [40] ms
14-Feb-2025 01:08:34.246 INFO [main] org.apache.coyote.AbstractProtocol.start Starting ProtocolHandler ["http-nio-8080"]
14-Feb-2025 01:08:34.287 INFO [main] org.apache.catalina.startup.Catalina.start Server startup in [2079] milliseconds
14-Feb-2025 01:08:39.175 INFO [http-nio-8080-exec-2] org.apache.catalina.startup.HostConfig.deployDescriptor Deploying deployment descriptor [C:\Users\rafae\OneDrive\Área de Trabalho\Code\projeto-backend-database\apache-tomcat-10.1.34-windows-x64\apache-tomcat-10.1.34\conf\Catalina\localhost\crud_project.xml]
14-Feb-2025 01:08:39.177 WARNING [http-nio-8080-exec-2] org.apache.catalina.startup.HostConfig.deployDescriptor The path attribute with value [/crud_project] in deployment descriptor [C:\Users\rafae\OneDrive\Área de Trabalho\Code\projeto-backend-database\apache-tomcat-10.1.34-windows-x64\apache-tomcat-10.1.34\conf\Catalina\localhost\crud_project.xml] has been ignored
14-Feb-2025 01:08:39.232 INFO [http-nio-8080-exec-2] org.apache.catalina.startup.HostConfig.deployDescriptor Deployment of deployment descriptor [C:\Users\rafae\OneDrive\Área de Trabalho\Code\projeto-backend-database\apache-tomcat-10.1.34-windows-x64\apache-tomcat-10.1.34\conf\Catalina\localhost\crud_project.xml] has finished in [57] ms
14-Feb-2025 01:08:39.237 INFO [http-nio-8080-exec-3] org.apache.catalina.util.LifecycleBase.start The start() method was called on component [StandardEngine[Catalina].StandardHost[localhost].StandardContext[/crud_project]] after start() had already been called. The second call will be ignored.
14-Feb-2025 01:26:26.295 INFO [Catalina-utility-1] org.apache.catalina.startup.HostConfig.undeploy Undeploying context [/MeuSite]
14-Feb-2025 01:26:26.309 INFO [Catalina-utility-1] org.apache.catalina.startup.HostConfig.deployDescriptor Deploying deployment descriptor [C:\Users\rafae\OneDrive\Área de Trabalho\Code\projeto-backend-database\apache-tomcat-10.1.34-windows-x64\apache-tomcat-10.1.34\conf\Catalina\localhost\MeuSite.xml]
14-Feb-2025 01:26:26.311 WARNING [Catalina-utility-1] org.apache.catalina.startup.HostConfig.deployDescriptor The path attribute with value [/MeuSite] in deployment descriptor [C:\Users\rafae\OneDrive\Área de Trabalho\Code\projeto-backend-database\apache-tomcat-10.1.34-windows-x64\apache-tomcat-10.1.34\conf\Catalina\localhost\MeuSite.xml] has been ignored
14-Feb-2025 01:26:26.321 SEVERE [Catalina-utility-1] org.apache.catalina.startup.HostConfig.deployDescriptor Error deploying deployment descriptor [C:\Users\rafae\OneDrive\Área de Trabalho\Code\projeto-backend-database\apache-tomcat-10.1.34-windows-x64\apache-tomcat-10.1.34\conf\Catalina\localhost\MeuSite.xml]
	java.lang.IllegalStateException: Error starting child
		at org.apache.catalina.core.ContainerBase.addChildInternal(ContainerBase.java:602)
		at org.apache.catalina.core.ContainerBase.addChild(ContainerBase.java:571)
		at org.apache.catalina.core.StandardHost.addChild(StandardHost.java:654)
		at org.apache.catalina.startup.HostConfig.deployDescriptor(HostConfig.java:635)
		at org.apache.catalina.startup.HostConfig$DeployDescriptor.run(HostConfig.java:1889)
		at java.base/java.util.concurrent.Executors$RunnableAdapter.call(Executors.java:572)
		at java.base/java.util.concurrent.FutureTask.run(FutureTask.java:317)
		at org.apache.tomcat.util.threads.InlineExecutorService.execute(InlineExecutorService.java:75)
		at java.base/java.util.concurrent.AbstractExecutorService.submit(AbstractExecutorService.java:123)
		at org.apache.catalina.startup.HostConfig.deployDescriptors(HostConfig.java:530)
		at org.apache.catalina.startup.HostConfig.deployApps(HostConfig.java:421)
		at org.apache.catalina.startup.HostConfig.check(HostConfig.java:1678)
		at org.apache.catalina.startup.HostConfig.lifecycleEvent(HostConfig.java:299)
		at org.apache.catalina.util.LifecycleBase.fireLifecycleEvent(LifecycleBase.java:109)
		at org.apache.catalina.core.ContainerBase.backgroundProcess(ContainerBase.java:973)
		at org.apache.catalina.core.ContainerBase$ContainerBackgroundProcessor.processChildren(ContainerBase.java:1172)
		at org.apache.catalina.core.ContainerBase$ContainerBackgroundProcessor.processChildren(ContainerBase.java:1176)
		at org.apache.catalina.core.ContainerBase$ContainerBackgroundProcessor.run(ContainerBase.java:1154)
		at java.base/java.util.concurrent.Executors$RunnableAdapter.call(Executors.java:572)
		at java.base/java.util.concurrent.FutureTask.runAndReset(FutureTask.java:358)
		at java.base/java.util.concurrent.ScheduledThreadPoolExecutor$ScheduledFutureTask.run(ScheduledThreadPoolExecutor.java:305)
		at java.base/java.util.concurrent.ThreadPoolExecutor.runWorker(ThreadPoolExecutor.java:1144)
		at java.base/java.util.concurrent.ThreadPoolExecutor$Worker.run(ThreadPoolExecutor.java:642)
		at org.apache.tomcat.util.threads.TaskThread$WrappingRunnable.run(TaskThread.java:63)
		at java.base/java.lang.Thread.run(Thread.java:1583)
	Caused by: org.apache.catalina.LifecycleException: Failed to start component [org.apache.catalina.webresources.StandardRoot@1524722f]
		at org.apache.catalina.util.LifecycleBase.handleSubClassException(LifecycleBase.java:406)
		at org.apache.catalina.util.LifecycleBase.start(LifecycleBase.java:179)
		at org.apache.catalina.core.StandardContext.resourcesStart(StandardContext.java:4121)
		at org.apache.catalina.core.StandardContext.startInternal(StandardContext.java:4243)
		at org.apache.catalina.util.LifecycleBase.start(LifecycleBase.java:164)
		at org.apache.catalina.core.ContainerBase.addChildInternal(ContainerBase.java:599)
		... 24 more
	Caused by: java.lang.IllegalArgumentException: The main resource set specified [C:\Users\rafae\OneDrive\Área de Trabalho\projeto\MeuSite\build\web] is not a directory or war file, or is not readable (it does not exist or permissions to access it are missing)
		at org.apache.catalina.webresources.StandardRoot.createMainResourceSet(StandardRoot.java:749)
		at org.apache.catalina.webresources.StandardRoot.startInternal(StandardRoot.java:707)
		at org.apache.catalina.util.LifecycleBase.start(LifecycleBase.java:164)
		... 28 more
14-Feb-2025 01:26:26.557 INFO [Catalina-utility-1] org.apache.catalina.startup.HostConfig.deployDescriptor Deployment of deployment descriptor [C:\Users\rafae\OneDrive\Área de Trabalho\Code\projeto-backend-database\apache-tomcat-10.1.34-windows-x64\apache-tomcat-10.1.34\conf\Catalina\localhost\MeuSite.xml] has finished in [249] ms
14-Feb-2025 01:29:17.299 INFO [Catalina-utility-2] org.apache.catalina.startup.HostConfig.undeploy Undeploying context [/meuProjectDB]
14-Feb-2025 01:29:17.352 INFO [Catalina-utility-2] org.apache.catalina.startup.HostConfig.deployDescriptor Deploying deployment descriptor [C:\Users\rafae\OneDrive\Área de Trabalho\Code\projeto-backend-database\apache-tomcat-10.1.34-windows-x64\apache-tomcat-10.1.34\conf\Catalina\localhost\meuProjectDB.xml]
14-Feb-2025 01:29:17.362 WARNING [Catalina-utility-2] org.apache.catalina.startup.HostConfig.deployDescriptor The path attribute with value [/meuProjectDB] in deployment descriptor [C:\Users\rafae\OneDrive\Área de Trabalho\Code\projeto-backend-database\apache-tomcat-10.1.34-windows-x64\apache-tomcat-10.1.34\conf\Catalina\localhost\meuProjectDB.xml] has been ignored
14-Feb-2025 01:29:17.388 SEVERE [Catalina-utility-2] org.apache.catalina.startup.HostConfig.deployDescriptor Error deploying deployment descriptor [C:\Users\rafae\OneDrive\Área de Trabalho\Code\projeto-backend-database\apache-tomcat-10.1.34-windows-x64\apache-tomcat-10.1.34\conf\Catalina\localhost\meuProjectDB.xml]
	java.lang.IllegalStateException: Error starting child
		at org.apache.catalina.core.ContainerBase.addChildInternal(ContainerBase.java:602)
		at org.apache.catalina.core.ContainerBase.addChild(ContainerBase.java:571)
		at org.apache.catalina.core.StandardHost.addChild(StandardHost.java:654)
		at org.apache.catalina.startup.HostConfig.deployDescriptor(HostConfig.java:635)
		at org.apache.catalina.startup.HostConfig$DeployDescriptor.run(HostConfig.java:1889)
		at java.base/java.util.concurrent.Executors$RunnableAdapter.call(Executors.java:572)
		at java.base/java.util.concurrent.FutureTask.run(FutureTask.java:317)
		at org.apache.tomcat.util.threads.InlineExecutorService.execute(InlineExecutorService.java:75)
		at java.base/java.util.concurrent.AbstractExecutorService.submit(AbstractExecutorService.java:123)
		at org.apache.catalina.startup.HostConfig.deployDescriptors(HostConfig.java:530)
		at org.apache.catalina.startup.HostConfig.deployApps(HostConfig.java:421)
		at org.apache.catalina.startup.HostConfig.check(HostConfig.java:1678)
		at org.apache.catalina.startup.HostConfig.lifecycleEvent(HostConfig.java:299)
		at org.apache.catalina.util.LifecycleBase.fireLifecycleEvent(LifecycleBase.java:109)
		at org.apache.catalina.core.ContainerBase.backgroundProcess(ContainerBase.java:973)
		at org.apache.catalina.core.ContainerBase$ContainerBackgroundProcessor.processChildren(ContainerBase.java:1172)
		at org.apache.catalina.core.ContainerBase$ContainerBackgroundProcessor.processChildren(ContainerBase.java:1176)
		at org.apache.catalina.core.ContainerBase$ContainerBackgroundProcessor.run(ContainerBase.java:1154)
		at java.base/java.util.concurrent.Executors$RunnableAdapter.call(Executors.java:572)
		at java.base/java.util.concurrent.FutureTask.runAndReset(FutureTask.java:358)
		at java.base/java.util.concurrent.ScheduledThreadPoolExecutor$ScheduledFutureTask.run(ScheduledThreadPoolExecutor.java:305)
		at java.base/java.util.concurrent.ThreadPoolExecutor.runWorker(ThreadPoolExecutor.java:1144)
		at java.base/java.util.concurrent.ThreadPoolExecutor$Worker.run(ThreadPoolExecutor.java:642)
		at org.apache.tomcat.util.threads.TaskThread$WrappingRunnable.run(TaskThread.java:63)
		at java.base/java.lang.Thread.run(Thread.java:1583)
	Caused by: org.apache.catalina.LifecycleException: Failed to start component [org.apache.catalina.webresources.StandardRoot@17267283]
		at org.apache.catalina.util.LifecycleBase.handleSubClassException(LifecycleBase.java:406)
		at org.apache.catalina.util.LifecycleBase.start(LifecycleBase.java:179)
		at org.apache.catalina.core.StandardContext.resourcesStart(StandardContext.java:4121)
		at org.apache.catalina.core.StandardContext.startInternal(StandardContext.java:4243)
		at org.apache.catalina.util.LifecycleBase.start(LifecycleBase.java:164)
		at org.apache.catalina.core.ContainerBase.addChildInternal(ContainerBase.java:599)
		... 24 more
	Caused by: java.lang.IllegalArgumentException: The main resource set specified [C:\Users\rafae\OneDrive\Área de Trabalho\meuProjectDB\build\web] is not a directory or war file, or is not readable (it does not exist or permissions to access it are missing)
		at org.apache.catalina.webresources.StandardRoot.createMainResourceSet(StandardRoot.java:749)
		at org.apache.catalina.webresources.StandardRoot.startInternal(StandardRoot.java:707)
		at org.apache.catalina.util.LifecycleBase.start(LifecycleBase.java:164)
		... 28 more
14-Feb-2025 01:29:17.391 INFO [Catalina-utility-2] org.apache.catalina.startup.HostConfig.deployDescriptor Deployment of deployment descriptor [C:\Users\rafae\OneDrive\Área de Trabalho\Code\projeto-backend-database\apache-tomcat-10.1.34-windows-x64\apache-tomcat-10.1.34\conf\Catalina\localhost\meuProjectDB.xml] has finished in [39] ms
14-Feb-2025 01:36:19.350 INFO [main] org.apache.catalina.core.StandardServer.await A valid shutdown command was received via the shutdown port. Stopping the Server instance.
14-Feb-2025 01:36:19.351 INFO [main] org.apache.coyote.AbstractProtocol.pause Pausing ProtocolHandler ["http-nio-8080"]
14-Feb-2025 01:36:19.359 INFO [main] org.apache.catalina.core.StandardService.stopInternal Stopping service [Catalina]
14-Feb-2025 01:36:19.394 INFO [main] org.apache.coyote.AbstractProtocol.stop Stopping ProtocolHandler ["http-nio-8080"]
14-Feb-2025 01:36:19.403 INFO [main] org.apache.coyote.AbstractProtocol.destroy Destroying ProtocolHandler ["http-nio-8080"]
