10-Feb-2025 14:33:28.489 INFO [main] org.apache.catalina.startup.VersionLoggerListener.log Server version name:   Apache Tomcat/10.1.34
10-Feb-2025 14:33:28.493 INFO [main] org.apache.catalina.startup.VersionLoggerListener.log Server built:          Dec 5 2024 16:01:16 UTC
10-Feb-2025 14:33:28.493 INFO [main] org.apache.catalina.startup.VersionLoggerListener.log Server version number: 10.1.34.0
10-Feb-2025 14:33:28.493 INFO [main] org.apache.catalina.startup.VersionLoggerListener.log OS Name:               Windows 11
10-Feb-2025 14:33:28.493 INFO [main] org.apache.catalina.startup.VersionLoggerListener.log OS Version:            10.0
10-Feb-2025 14:33:28.493 INFO [main] org.apache.catalina.startup.VersionLoggerListener.log Architecture:          amd64
10-Feb-2025 14:33:28.493 INFO [main] org.apache.catalina.startup.VersionLoggerListener.log Java Home:             C:\Program Files\Java\jdk-21
10-Feb-2025 14:33:28.494 INFO [main] org.apache.catalina.startup.VersionLoggerListener.log JVM Version:           21.0.6+8-LTS-188
10-Feb-2025 14:33:28.494 INFO [main] org.apache.catalina.startup.VersionLoggerListener.log JVM Vendor:            Oracle Corporation
10-Feb-2025 14:33:28.494 INFO [main] org.apache.catalina.startup.VersionLoggerListener.log CATALINA_BASE:         C:\apache-tomcat-10.1.34-windows-x64\apache-tomcat-10.1.34
10-Feb-2025 14:33:28.494 INFO [main] org.apache.catalina.startup.VersionLoggerListener.log CATALINA_HOME:         C:\apache-tomcat-10.1.34-windows-x64\apache-tomcat-10.1.34
10-Feb-2025 14:33:28.505 INFO [main] org.apache.catalina.startup.VersionLoggerListener.log Command line argument: -Djava.util.logging.config.file=C:\apache-tomcat-10.1.34-windows-x64\apache-tomcat-10.1.34\conf\logging.properties
10-Feb-2025 14:33:28.505 INFO [main] org.apache.catalina.startup.VersionLoggerListener.log Command line argument: -Djava.util.logging.manager=org.apache.juli.ClassLoaderLogManager
10-Feb-2025 14:33:28.505 INFO [main] org.apache.catalina.startup.VersionLoggerListener.log Command line argument: -Djdk.tls.ephemeralDHKeySize=2048
10-Feb-2025 14:33:28.505 INFO [main] org.apache.catalina.startup.VersionLoggerListener.log Command line argument: -Djava.protocol.handler.pkgs=org.apache.catalina.webresources
10-Feb-2025 14:33:28.505 INFO [main] org.apache.catalina.startup.VersionLoggerListener.log Command line argument: --add-opens=java.base/java.lang=ALL-UNNAMED
10-Feb-2025 14:33:28.505 INFO [main] org.apache.catalina.startup.VersionLoggerListener.log Command line argument: --add-opens=java.base/java.io=ALL-UNNAMED
10-Feb-2025 14:33:28.505 INFO [main] org.apache.catalina.startup.VersionLoggerListener.log Command line argument: --add-opens=java.base/java.util=ALL-UNNAMED
10-Feb-2025 14:33:28.505 INFO [main] org.apache.catalina.startup.VersionLoggerListener.log Command line argument: --add-opens=java.base/java.util.concurrent=ALL-UNNAMED
10-Feb-2025 14:33:28.505 INFO [main] org.apache.catalina.startup.VersionLoggerListener.log Command line argument: --add-opens=java.rmi/sun.rmi.transport=ALL-UNNAMED
10-Feb-2025 14:33:28.505 INFO [main] org.apache.catalina.startup.VersionLoggerListener.log Command line argument: -Dcatalina.base=C:\apache-tomcat-10.1.34-windows-x64\apache-tomcat-10.1.34
10-Feb-2025 14:33:28.505 INFO [main] org.apache.catalina.startup.VersionLoggerListener.log Command line argument: -Dcatalina.home=C:\apache-tomcat-10.1.34-windows-x64\apache-tomcat-10.1.34
10-Feb-2025 14:33:28.505 INFO [main] org.apache.catalina.startup.VersionLoggerListener.log Command line argument: -Djava.io.tmpdir=C:\apache-tomcat-10.1.34-windows-x64\apache-tomcat-10.1.34\temp
10-Feb-2025 14:33:28.622 INFO [main] org.apache.catalina.core.AprLifecycleListener.lifecycleEvent Loaded Apache Tomcat Native library [2.0.8] using APR version [1.7.4].
10-Feb-2025 14:33:28.641 INFO [main] org.apache.catalina.core.AprLifecycleListener.initializeSSL OpenSSL successfully initialized [OpenSSL 3.0.14 4 Jun 2024]
10-Feb-2025 14:33:28.967 INFO [main] org.apache.coyote.AbstractProtocol.init Initializing ProtocolHandler ["http-nio-8080"]
10-Feb-2025 14:33:28.990 INFO [main] org.apache.catalina.startup.Catalina.load Server initialization in [768] milliseconds
10-Feb-2025 14:33:29.053 INFO [main] org.apache.catalina.core.StandardService.startInternal Starting service [Catalina]
10-Feb-2025 14:33:29.054 INFO [main] org.apache.catalina.core.StandardEngine.startInternal Starting Servlet engine: [Apache Tomcat/10.1.34]
10-Feb-2025 14:33:29.065 INFO [main] org.apache.catalina.startup.HostConfig.deployDescriptor Deploying deployment descriptor [C:\apache-tomcat-10.1.34-windows-x64\apache-tomcat-10.1.34\conf\Catalina\localhost\WebApplication1.xml]
10-Feb-2025 14:33:29.079 WARNING [main] org.apache.catalina.startup.HostConfig.deployDescriptor The path attribute with value [/WebApplication1] in deployment descriptor [C:\apache-tomcat-10.1.34-windows-x64\apache-tomcat-10.1.34\conf\Catalina\localhost\WebApplication1.xml] has been ignored
10-Feb-2025 14:33:29.413 INFO [main] org.apache.catalina.startup.HostConfig.deployDescriptor Deployment of deployment descriptor [C:\apache-tomcat-10.1.34-windows-x64\apache-tomcat-10.1.34\conf\Catalina\localhost\WebApplication1.xml] has finished in [349] ms
10-Feb-2025 14:33:29.413 INFO [main] org.apache.catalina.startup.HostConfig.deployDirectory Diretório de instalação da aplicação web [C:\apache-tomcat-10.1.34-windows-x64\apache-tomcat-10.1.34\webapps\docs]
10-Feb-2025 14:33:29.448 INFO [main] org.apache.catalina.startup.HostConfig.deployDirectory Deployment of web application directory [C:\apache-tomcat-10.1.34-windows-x64\apache-tomcat-10.1.34\webapps\docs] has finished in [34] ms
10-Feb-2025 14:33:29.448 INFO [main] org.apache.catalina.startup.HostConfig.deployDirectory Diretório de instalação da aplicação web [C:\apache-tomcat-10.1.34-windows-x64\apache-tomcat-10.1.34\webapps\examples]
10-Feb-2025 14:33:30.222 INFO [main] org.apache.catalina.startup.HostConfig.deployDirectory Deployment of web application directory [C:\apache-tomcat-10.1.34-windows-x64\apache-tomcat-10.1.34\webapps\examples] has finished in [774] ms
10-Feb-2025 14:33:30.223 INFO [main] org.apache.catalina.startup.HostConfig.deployDirectory Diretório de instalação da aplicação web [C:\apache-tomcat-10.1.34-windows-x64\apache-tomcat-10.1.34\webapps\host-manager]
10-Feb-2025 14:33:30.274 INFO [main] org.apache.catalina.startup.HostConfig.deployDirectory Deployment of web application directory [C:\apache-tomcat-10.1.34-windows-x64\apache-tomcat-10.1.34\webapps\host-manager] has finished in [49] ms
10-Feb-2025 14:33:30.274 INFO [main] org.apache.catalina.startup.HostConfig.deployDirectory Diretório de instalação da aplicação web [C:\apache-tomcat-10.1.34-windows-x64\apache-tomcat-10.1.34\webapps\manager]
10-Feb-2025 14:33:30.322 INFO [main] org.apache.catalina.startup.HostConfig.deployDirectory Deployment of web application directory [C:\apache-tomcat-10.1.34-windows-x64\apache-tomcat-10.1.34\webapps\manager] has finished in [48] ms
10-Feb-2025 14:33:30.322 INFO [main] org.apache.catalina.startup.HostConfig.deployDirectory Diretório de instalação da aplicação web [C:\apache-tomcat-10.1.34-windows-x64\apache-tomcat-10.1.34\webapps\ROOT]
10-Feb-2025 14:33:30.344 INFO [main] org.apache.catalina.startup.HostConfig.deployDirectory Deployment of web application directory [C:\apache-tomcat-10.1.34-windows-x64\apache-tomcat-10.1.34\webapps\ROOT] has finished in [21] ms
10-Feb-2025 14:33:30.348 INFO [main] org.apache.coyote.AbstractProtocol.start Starting ProtocolHandler ["http-nio-8080"]
10-Feb-2025 14:33:30.369 INFO [main] org.apache.catalina.startup.Catalina.start Server startup in [1376] milliseconds
10-Feb-2025 14:33:32.348 INFO [http-nio-8080-exec-8] org.apache.catalina.startup.HostConfig.deployDescriptor Deploying deployment descriptor [C:\apache-tomcat-10.1.34-windows-x64\apache-tomcat-10.1.34\conf\Catalina\localhost\meuProjectDB.xml]
10-Feb-2025 14:33:32.350 WARNING [http-nio-8080-exec-8] org.apache.catalina.startup.HostConfig.deployDescriptor The path attribute with value [/meuProjectDB] in deployment descriptor [C:\apache-tomcat-10.1.34-windows-x64\apache-tomcat-10.1.34\conf\Catalina\localhost\meuProjectDB.xml] has been ignored
10-Feb-2025 14:33:32.394 INFO [http-nio-8080-exec-8] org.apache.catalina.startup.HostConfig.deployDescriptor Deployment of deployment descriptor [C:\apache-tomcat-10.1.34-windows-x64\apache-tomcat-10.1.34\conf\Catalina\localhost\meuProjectDB.xml] has finished in [47] ms
10-Feb-2025 14:33:32.399 INFO [http-nio-8080-exec-9] org.apache.catalina.util.LifecycleBase.start The start() method was called on component [StandardEngine[Catalina].StandardHost[localhost].StandardContext[/meuProjectDB]] after start() had already been called. The second call will be ignored.
10-Feb-2025 16:03:39.011 INFO [http-nio-8080-exec-9] org.apache.catalina.startup.HostConfig.deployDescriptor Deploying deployment descriptor [C:\apache-tomcat-10.1.34-windows-x64\apache-tomcat-10.1.34\conf\Catalina\localhost\MeuSite.xml]
10-Feb-2025 16:03:39.013 WARNING [http-nio-8080-exec-9] org.apache.catalina.startup.HostConfig.deployDescriptor The path attribute with value [/MeuSite] in deployment descriptor [C:\apache-tomcat-10.1.34-windows-x64\apache-tomcat-10.1.34\conf\Catalina\localhost\MeuSite.xml] has been ignored
10-Feb-2025 16:03:39.050 INFO [http-nio-8080-exec-9] org.apache.catalina.startup.HostConfig.deployDescriptor Deployment of deployment descriptor [C:\apache-tomcat-10.1.34-windows-x64\apache-tomcat-10.1.34\conf\Catalina\localhost\MeuSite.xml] has finished in [39] ms
10-Feb-2025 16:03:39.054 INFO [http-nio-8080-exec-8] org.apache.catalina.util.LifecycleBase.start The start() method was called on component [StandardEngine[Catalina].StandardHost[localhost].StandardContext[/MeuSite]] after start() had already been called. The second call will be ignored.
